{"C:\\Users\\User\\Desktop\\Projetos\\Portalgbtqia-main\\project-LGBTQIA+\\mcp\\portal-lgbtqia-knowledge-mcp\\server.ts": {"path":"C:\\Users\\User\\Desktop\\Projetos\\Portalgbtqia-main\\project-LGBTQIA+\\mcp\\portal-lgbtqia-knowledge-mcp\\server.ts","statementMap":{"0":{"start":{"line":30,"column":19},"end":{"line":30,"column":null}},"1":{"start":{"line":31,"column":14},"end":{"line":31,"column":null}},"2":{"start":{"line":33,"column":2},"end":{"line":35,"column":null}},"3":{"start":{"line":34,"column":4},"end":{"line":34,"column":null}},"4":{"start":{"line":37,"column":2},"end":{"line":50,"column":null}},"5":{"start":{"line":39,"column":25},"end":{"line":39,"column":null}},"6":{"start":{"line":40,"column":4},"end":{"line":45,"column":null}},"7":{"start":{"line":41,"column":6},"end":{"line":41,"column":null}},"8":{"start":{"line":42,"column":26},"end":{"line":42,"column":null}},"9":{"start":{"line":43,"column":6},"end":{"line":43,"column":null}},"10":{"start":{"line":44,"column":6},"end":{"line":44,"column":null}},"11":{"start":{"line":47,"column":4},"end":{"line":49,"column":null}},"12":{"start":{"line":48,"column":6},"end":{"line":48,"column":null}},"13":{"start":{"line":53,"column":2},"end":{"line":53,"column":null}},"14":{"start":{"line":59,"column":25},"end":{"line":63,"column":null}},"15":{"start":{"line":60,"column":4},"end":{"line":62,"column":null}},"16":{"start":{"line":61,"column":6},"end":{"line":61,"column":null}},"17":{"start":{"line":65,"column":2},"end":{"line":71,"column":null}},"18":{"start":{"line":66,"column":4},"end":{"line":66,"column":null}},"19":{"start":{"line":68,"column":4},"end":{"line":70,"column":null}},"20":{"start":{"line":69,"column":6},"end":{"line":69,"column":null}},"21":{"start":{"line":75,"column":17},"end":{"line":78,"column":null}},"22":{"start":{"line":80,"column":17},"end":{"line":80,"column":null}},"23":{"start":{"line":80,"column":39},"end":{"line":80,"column":null}},"24":{"start":{"line":82,"column":21},"end":{"line":99,"column":null}},"25":{"start":{"line":83,"column":4},"end":{"line":98,"column":null}},"26":{"start":{"line":84,"column":21},"end":{"line":84,"column":null}},"27":{"start":{"line":85,"column":26},"end":{"line":85,"column":null}},"28":{"start":{"line":87,"column":6},"end":{"line":89,"column":null}},"29":{"start":{"line":91,"column":6},"end":{"line":93,"column":null}},"30":{"start":{"line":92,"column":8},"end":{"line":92,"column":null}},"31":{"start":{"line":95,"column":6},"end":{"line":95,"column":null}},"32":{"start":{"line":97,"column":6},"end":{"line":97,"column":null}},"33":{"start":{"line":101,"column":2},"end":{"line":106,"column":null}},"34":{"start":{"line":105,"column":20},"end":{"line":105,"column":null}},"35":{"start":{"line":105,"column":20},"end":{"line":105,"column":95}},"36":{"start":{"line":108,"column":2},"end":{"line":113,"column":null}},"37":{"start":{"line":112,"column":20},"end":{"line":112,"column":null}},"38":{"start":{"line":112,"column":20},"end":{"line":112,"column":92}},"39":{"start":{"line":115,"column":2},"end":{"line":120,"column":null}},"40":{"start":{"line":119,"column":20},"end":{"line":119,"column":null}},"41":{"start":{"line":119,"column":20},"end":{"line":119,"column":95}},"42":{"start":{"line":122,"column":2},"end":{"line":127,"column":null}},"43":{"start":{"line":126,"column":20},"end":{"line":126,"column":null}},"44":{"start":{"line":126,"column":20},"end":{"line":126,"column":91}},"45":{"start":{"line":129,"column":2},"end":{"line":134,"column":null}},"46":{"start":{"line":133,"column":20},"end":{"line":133,"column":null}},"47":{"start":{"line":133,"column":20},"end":{"line":133,"column":93}},"48":{"start":{"line":136,"column":2},"end":{"line":141,"column":null}},"49":{"start":{"line":140,"column":20},"end":{"line":140,"column":null}},"50":{"start":{"line":140,"column":20},"end":{"line":140,"column":133}},"51":{"start":{"line":143,"column":2},"end":{"line":143,"column":null}}},"fnMap":{"0":{"name":"enforcePublicResponseSize","decl":{"start":{"line":29,"column":9},"end":{"line":29,"column":35}},"loc":{"start":{"line":29,"column":77},"end":{"line":54,"column":null}},"line":29},"1":{"name":"withTimeout","decl":{"start":{"line":56,"column":15},"end":{"line":56,"column":30}},"loc":{"start":{"line":56,"column":84},"end":{"line":72,"column":null}},"line":56},"2":{"name":"(anonymous_2)","decl":{"start":{"line":59,"column":29},"end":{"line":59,"column":41}},"loc":{"start":{"line":59,"column":55},"end":{"line":63,"column":3}},"line":59},"3":{"name":"(anonymous_3)","decl":{"start":{"line":60,"column":16},"end":{"line":60,"column":33}},"loc":{"start":{"line":60,"column":33},"end":{"line":62,"column":7}},"line":60},"4":{"name":"createPortalKnowledgeMcpServer","decl":{"start":{"line":74,"column":16},"end":{"line":74,"column":47}},"loc":{"start":{"line":74,"column":87},"end":{"line":144,"column":null}},"line":74},"5":{"name":"(anonymous_5)","decl":{"start":{"line":80,"column":22},"end":{"line":80,"column":39}},"loc":{"start":{"line":80,"column":39},"end":{"line":80,"column":null}},"line":80},"6":{"name":"(anonymous_6)","decl":{"start":{"line":82,"column":21},"end":{"line":82,"column":28}},"loc":{"start":{"line":82,"column":79},"end":{"line":99,"column":null}},"line":82},"7":{"name":"(anonymous_7)","decl":{"start":{"line":105,"column":4},"end":{"line":105,"column":11}},"loc":{"start":{"line":105,"column":20},"end":{"line":105,"column":null}},"line":105},"8":{"name":"(anonymous_8)","decl":{"start":{"line":105,"column":20},"end":{"line":105,"column":37}},"loc":{"start":{"line":105,"column":20},"end":{"line":105,"column":95}},"line":105},"9":{"name":"(anonymous_9)","decl":{"start":{"line":112,"column":4},"end":{"line":112,"column":11}},"loc":{"start":{"line":112,"column":20},"end":{"line":112,"column":null}},"line":112},"10":{"name":"(anonymous_10)","decl":{"start":{"line":112,"column":20},"end":{"line":112,"column":37}},"loc":{"start":{"line":112,"column":20},"end":{"line":112,"column":92}},"line":112},"11":{"name":"(anonymous_11)","decl":{"start":{"line":119,"column":4},"end":{"line":119,"column":11}},"loc":{"start":{"line":119,"column":20},"end":{"line":119,"column":null}},"line":119},"12":{"name":"(anonymous_12)","decl":{"start":{"line":119,"column":20},"end":{"line":119,"column":37}},"loc":{"start":{"line":119,"column":20},"end":{"line":119,"column":95}},"line":119},"13":{"name":"(anonymous_13)","decl":{"start":{"line":126,"column":4},"end":{"line":126,"column":11}},"loc":{"start":{"line":126,"column":20},"end":{"line":126,"column":null}},"line":126},"14":{"name":"(anonymous_14)","decl":{"start":{"line":126,"column":20},"end":{"line":126,"column":37}},"loc":{"start":{"line":126,"column":20},"end":{"line":126,"column":91}},"line":126},"15":{"name":"(anonymous_15)","decl":{"start":{"line":133,"column":4},"end":{"line":133,"column":11}},"loc":{"start":{"line":133,"column":20},"end":{"line":133,"column":null}},"line":133},"16":{"name":"(anonymous_16)","decl":{"start":{"line":133,"column":20},"end":{"line":133,"column":37}},"loc":{"start":{"line":133,"column":20},"end":{"line":133,"column":93}},"line":133},"17":{"name":"(anonymous_17)","decl":{"start":{"line":140,"column":4},"end":{"line":140,"column":11}},"loc":{"start":{"line":140,"column":20},"end":{"line":140,"column":null}},"line":140},"18":{"name":"(anonymous_18)","decl":{"start":{"line":140,"column":20},"end":{"line":140,"column":37}},"loc":{"start":{"line":140,"column":20},"end":{"line":140,"column":133}},"line":140}},"branchMap":{"0":{"loc":{"start":{"line":33,"column":2},"end":{"line":35,"column":null}},"type":"if","locations":[{"start":{"line":33,"column":2},"end":{"line":35,"column":null}},{"start":{},"end":{}}],"line":33},"1":{"loc":{"start":{"line":37,"column":2},"end":{"line":50,"column":null}},"type":"if","locations":[{"start":{"line":37,"column":2},"end":{"line":50,"column":null}},{"start":{},"end":{}}],"line":37},"2":{"loc":{"start":{"line":37,"column":6},"end":{"line":37,"column":51}},"type":"binary-expr","locations":[{"start":{"line":37,"column":6},"end":{"line":37,"column":18}},{"start":{"line":37,"column":18},"end":{"line":37,"column":51}}],"line":37},"3":{"loc":{"start":{"line":40,"column":11},"end":{"line":40,"column":92}},"type":"binary-expr","locations":[{"start":{"line":40,"column":11},"end":{"line":40,"column":40}},{"start":{"line":40,"column":40},"end":{"line":40,"column":92}}],"line":40},"4":{"loc":{"start":{"line":47,"column":4},"end":{"line":49,"column":null}},"type":"if","locations":[{"start":{"line":47,"column":4},"end":{"line":49,"column":null}},{"start":{},"end":{}}],"line":47},"5":{"loc":{"start":{"line":47,"column":8},"end":{"line":47,"column":90}},"type":"binary-expr","locations":[{"start":{"line":47,"column":8},"end":{"line":47,"column":37}},{"start":{"line":47,"column":37},"end":{"line":47,"column":90}}],"line":47},"6":{"loc":{"start":{"line":68,"column":4},"end":{"line":70,"column":null}},"type":"if","locations":[{"start":{"line":68,"column":4},"end":{"line":70,"column":null}},{"start":{},"end":{}}],"line":68},"7":{"loc":{"start":{"line":80,"column":17},"end":{"line":80,"column":null}},"type":"binary-expr","locations":[{"start":{"line":80,"column":17},"end":{"line":80,"column":39}},{"start":{"line":80,"column":22},"end":{"line":80,"column":null}}],"line":80},"8":{"loc":{"start":{"line":91,"column":6},"end":{"line":93,"column":null}},"type":"if","locations":[{"start":{"line":91,"column":6},"end":{"line":93,"column":null}},{"start":{},"end":{}}],"line":91},"9":{"loc":{"start":{"line":91,"column":10},"end":{"line":91,"column":116}},"type":"binary-expr","locations":[{"start":{"line":91,"column":10},"end":{"line":91,"column":46}},{"start":{"line":91,"column":46},"end":{"line":91,"column":75}},{"start":{"line":91,"column":75},"end":{"line":91,"column":116}}],"line":91}},"s":{"0":9,"1":9,"2":9,"3":6,"4":3,"5":2,"6":2,"7":2,"8":2,"9":2,"10":2,"11":2,"12":1,"13":2,"14":13,"15":13,"16":1,"17":13,"18":13,"19":13,"20":13,"21":13,"22":13,"23":5,"24":13,"25":13,"26":13,"27":9,"28":9,"29":6,"30":5,"31":1,"32":1,"33":13,"34":6,"35":6,"36":13,"37":4,"38":4,"39":13,"40":1,"41":1,"42":13,"43":0,"44":0,"45":13,"46":0,"47":0,"48":13,"49":2,"50":2,"51":13},"f":{"0":9,"1":13,"2":13,"3":1,"4":13,"5":5,"6":13,"7":6,"8":6,"9":4,"10":4,"11":1,"12":1,"13":0,"14":0,"15":0,"16":0,"17":2,"18":2},"b":{"0":[6,3],"1":[2,1],"2":[3,2],"3":[2,3],"4":[1,1],"5":[2,1],"6":[13,0],"7":[13,5],"8":[5,1],"9":[6,1,0]},"meta":{"lastBranch":10,"lastFunction":19,"lastStatement":52,"seen":{"f:29:9:29:35":0,"s:30:19:30:Infinity":0,"s:31:14:31:Infinity":1,"b:33:2:35:Infinity:undefined:undefined:undefined:undefined":0,"s:33:2:35:Infinity":2,"s:34:4:34:Infinity":3,"b:37:2:50:Infinity:undefined:undefined:undefined:undefined":1,"s:37:2:50:Infinity":4,"b:37:6:37:18:37:18:37:51":2,"s:39:25:39:Infinity":5,"s:40:4:45:Infinity":6,"b:40:11:40:40:40:40:40:92":3,"s:41:6:41:Infinity":7,"s:42:26:42:Infinity":8,"s:43:6:43:Infinity":9,"s:44:6:44:Infinity":10,"b:47:4:49:Infinity:undefined:undefined:undefined:undefined":4,"s:47:4:49:Infinity":11,"b:47:8:47:37:47:37:47:90":5,"s:48:6:48:Infinity":12,"s:53:2:53:Infinity":13,"f:56:15:56:30":1,"s:59:25:63:Infinity":14,"f:59:29:59:41":2,"s:60:4:62:Infinity":15,"f:60:16:60:33":3,"s:61:6:61:Infinity":16,"s:65:2:71:Infinity":17,"s:66:4:66:Infinity":18,"b:68:4:70:Infinity:undefined:undefined:undefined:undefined":6,"s:68:4:70:Infinity":19,"s:69:6:69:Infinity":20,"f:74:16:74:47":4,"s:75:17:78:Infinity":21,"s:80:17:80:Infinity":22,"b:80:17:80:39:80:22:80:Infinity":7,"f:80:22:80:39":5,"s:80:39:80:Infinity":23,"s:82:21:99:Infinity":24,"f:82:21:82:28":6,"s:83:4:98:Infinity":25,"s:84:21:84:Infinity":26,"s:85:26:85:Infinity":27,"s:87:6:89:Infinity":28,"b:91:6:93:Infinity:undefined:undefined:undefined:undefined":8,"s:91:6:93:Infinity":29,"b:91:10:91:46:91:46:91:75:91:75:91:116":9,"s:92:8:92:Infinity":30,"s:95:6:95:Infinity":31,"s:97:6:97:Infinity":32,"s:101:2:106:Infinity":33,"f:105:4:105:11":7,"s:105:20:105:Infinity":34,"f:105:20:105:37":8,"s:105:20:105:95":35,"s:108:2:113:Infinity":36,"f:112:4:112:11":9,"s:112:20:112:Infinity":37,"f:112:20:112:37":10,"s:112:20:112:92":38,"s:115:2:120:Infinity":39,"f:119:4:119:11":11,"s:119:20:119:Infinity":40,"f:119:20:119:37":12,"s:119:20:119:95":41,"s:122:2:127:Infinity":42,"f:126:4:126:11":13,"s:126:20:126:Infinity":43,"f:126:20:126:37":14,"s:126:20:126:91":44,"s:129:2:134:Infinity":45,"f:133:4:133:11":15,"s:133:20:133:Infinity":46,"f:133:20:133:37":16,"s:133:20:133:93":47,"s:136:2:141:Infinity":48,"f:140:4:140:11":17,"s:140:20:140:Infinity":49,"f:140:20:140:37":18,"s:140:20:140:133":50,"s:143:2:143:Infinity":51},"fnNames":{}}}
,"C:\\Users\\User\\Desktop\\Projetos\\Portalgbtqia-main\\project-LGBTQIA+\\mcp\\portal-lgbtqia-knowledge-mcp\\config\\limits.ts": {"path":"C:\\Users\\User\\Desktop\\Projetos\\Portalgbtqia-main\\project-LGBTQIA+\\mcp\\portal-lgbtqia-knowledge-mcp\\config\\limits.ts","statementMap":{"0":{"start":{"line":1,"column":26},"end":{"line":9,"column":null}}},"fnMap":{},"branchMap":{},"s":{"0":5},"f":{},"b":{},"meta":{"lastBranch":0,"lastFunction":0,"lastStatement":1,"seen":{"s:1:26:9:Infinity":0},"fnNames":{}}}
,"C:\\Users\\User\\Desktop\\Projetos\\Portalgbtqia-main\\project-LGBTQIA+\\mcp\\portal-lgbtqia-knowledge-mcp\\errors\\index.ts": {"path":"C:\\Users\\User\\Desktop\\Projetos\\Portalgbtqia-main\\project-LGBTQIA+\\mcp\\portal-lgbtqia-knowledge-mcp\\errors\\index.ts","statementMap":{"0":{"start":{"line":12,"column":77},"end":{"line":20,"column":null}},"1":{"start":{"line":24,"column":18},"end":{"line":24,"column":null}},"2":{"start":{"line":26,"column":4},"end":{"line":46,"column":null}},"3":{"start":{"line":28,"column":8},"end":{"line":28,"column":null}},"4":{"start":{"line":29,"column":8},"end":{"line":29,"column":null}},"5":{"start":{"line":32,"column":8},"end":{"line":32,"column":null}},"6":{"start":{"line":33,"column":8},"end":{"line":33,"column":null}},"7":{"start":{"line":35,"column":8},"end":{"line":35,"column":null}},"8":{"start":{"line":36,"column":8},"end":{"line":36,"column":null}},"9":{"start":{"line":38,"column":8},"end":{"line":38,"column":null}},"10":{"start":{"line":39,"column":8},"end":{"line":39,"column":null}},"11":{"start":{"line":41,"column":8},"end":{"line":41,"column":null}},"12":{"start":{"line":42,"column":8},"end":{"line":42,"column":null}},"13":{"start":{"line":45,"column":8},"end":{"line":45,"column":null}},"14":{"start":{"line":48,"column":4},"end":{"line":48,"column":null}},"15":{"start":{"line":53,"column":2},"end":{"line":53,"column":null}},"16":{"start":{"line":57,"column":2},"end":{"line":57,"column":null}},"17":{"start":{"line":61,"column":2},"end":{"line":61,"column":null}},"18":{"start":{"line":65,"column":2},"end":{"line":65,"column":null}},"19":{"start":{"line":69,"column":2},"end":{"line":69,"column":null}}},"fnMap":{"0":{"name":"constructor","decl":{"start":{"line":23,"column":2},"end":{"line":23,"column":14}},"loc":{"start":{"line":23,"column":79},"end":{"line":49,"column":null}},"line":23},"1":{"name":"createInternalError","decl":{"start":{"line":52,"column":16},"end":{"line":52,"column":54}},"loc":{"start":{"line":52,"column":54},"end":{"line":54,"column":null}},"line":52},"2":{"name":"createNotFoundError","decl":{"start":{"line":56,"column":16},"end":{"line":56,"column":54}},"loc":{"start":{"line":56,"column":54},"end":{"line":58,"column":null}},"line":56},"3":{"name":"createInvalidInputError","decl":{"start":{"line":60,"column":16},"end":{"line":60,"column":40}},"loc":{"start":{"line":60,"column":73},"end":{"line":62,"column":null}},"line":60},"4":{"name":"createLimitExceededError","decl":{"start":{"line":64,"column":16},"end":{"line":64,"column":59}},"loc":{"start":{"line":64,"column":59},"end":{"line":66,"column":null}},"line":64},"5":{"name":"createTemporarilyUnavailableError","decl":{"start":{"line":68,"column":16},"end":{"line":68,"column":68}},"loc":{"start":{"line":68,"column":68},"end":{"line":70,"column":null}},"line":68}},"branchMap":{"0":{"loc":{"start":{"line":26,"column":4},"end":{"line":46,"column":null}},"type":"switch","locations":[{"start":{"line":27,"column":6},"end":{"line":29,"column":null}},{"start":{"line":30,"column":6},"end":{"line":30,"column":null}},{"start":{"line":31,"column":6},"end":{"line":33,"column":null}},{"start":{"line":34,"column":6},"end":{"line":36,"column":null}},{"start":{"line":37,"column":6},"end":{"line":39,"column":null}},{"start":{"line":40,"column":6},"end":{"line":42,"column":null}},{"start":{"line":43,"column":6},"end":{"line":43,"column":null}},{"start":{"line":44,"column":6},"end":{"line":45,"column":null}}],"line":26},"1":{"loc":{"start":{"line":48,"column":46},"end":{"line":48,"column":116}},"type":"cond-expr","locations":[{"start":{"line":48,"column":90},"end":{"line":48,"column":97}},{"start":{"line":48,"column":97},"end":{"line":48,"column":116}}],"line":48},"2":{"loc":{"start":{"line":48,"column":46},"end":{"line":48,"column":90}},"type":"binary-expr","locations":[{"start":{"line":48,"column":46},"end":{"line":48,"column":74}},{"start":{"line":48,"column":74},"end":{"line":48,"column":90}}],"line":48}},"s":{"0":5,"1":5,"2":5,"3":0,"4":0,"5":2,"6":2,"7":2,"8":2,"9":1,"10":1,"11":0,"12":0,"13":0,"14":5,"15":0,"16":2,"17":0,"18":2,"19":1},"f":{"0":5,"1":0,"2":2,"3":0,"4":2,"5":1},"b":{"0":[0,2,2,2,1,0,0,0],"1":[0,5],"2":[5,0]},"meta":{"lastBranch":3,"lastFunction":6,"lastStatement":20,"seen":{"s:12:77:20:Infinity":0,"f:23:2:23:14":0,"s:24:18:24:Infinity":1,"b:27:6:29:Infinity:30:6:30:Infinity:31:6:33:Infinity:34:6:36:Infinity:37:6:39:Infinity:40:6:42:Infinity:43:6:43:Infinity:44:6:45:Infinity":0,"s:26:4:46:Infinity":2,"s:28:8:28:Infinity":3,"s:29:8:29:Infinity":4,"s:32:8:32:Infinity":5,"s:33:8:33:Infinity":6,"s:35:8:35:Infinity":7,"s:36:8:36:Infinity":8,"s:38:8:38:Infinity":9,"s:39:8:39:Infinity":10,"s:41:8:41:Infinity":11,"s:42:8:42:Infinity":12,"s:45:8:45:Infinity":13,"s:48:4:48:Infinity":14,"b:48:90:48:97:48:97:48:116":1,"b:48:46:48:74:48:74:48:90":2,"f:52:16:52:54":1,"s:53:2:53:Infinity":15,"f:56:16:56:54":2,"s:57:2:57:Infinity":16,"f:60:16:60:40":3,"s:61:2:61:Infinity":17,"f:64:16:64:59":4,"s:65:2:65:Infinity":18,"f:68:16:68:68":5,"s:69:2:69:Infinity":19},"fnNames":{}}}
,"C:\\Users\\User\\Desktop\\Projetos\\Portalgbtqia-main\\project-LGBTQIA+\\mcp\\portal-lgbtqia-knowledge-mcp\\policies\\trustPolicies.ts": {"path":"C:\\Users\\User\\Desktop\\Projetos\\Portalgbtqia-main\\project-LGBTQIA+\\mcp\\portal-lgbtqia-knowledge-mcp\\policies\\trustPolicies.ts","statementMap":{"0":{"start":{"line":5,"column":2},"end":{"line":5,"column":null}},"1":{"start":{"line":5,"column":38},"end":{"line":5,"column":null}},"2":{"start":{"line":7,"column":2},"end":{"line":9,"column":null}},"3":{"start":{"line":8,"column":4},"end":{"line":8,"column":null}},"4":{"start":{"line":11,"column":2},"end":{"line":11,"column":null}},"5":{"start":{"line":11,"column":60},"end":{"line":11,"column":null}},"6":{"start":{"line":13,"column":26},"end":{"line":15,"column":null}},"7":{"start":{"line":14,"column":15},"end":{"line":14,"column":45}},"8":{"start":{"line":14,"column":33},"end":{"line":14,"column":44}},"9":{"start":{"line":15,"column":37},"end":{"line":15,"column":52}},"10":{"start":{"line":17,"column":2},"end":{"line":17,"column":null}},"11":{"start":{"line":17,"column":36},"end":{"line":17,"column":null}},"12":{"start":{"line":19,"column":2},"end":{"line":19,"column":null}},"13":{"start":{"line":19,"column":32},"end":{"line":19,"column":83}},"14":{"start":{"line":19,"column":86},"end":{"line":19,"column":null}},"15":{"start":{"line":21,"column":2},"end":{"line":21,"column":null}},"16":{"start":{"line":25,"column":2},"end":{"line":25,"column":null}},"17":{"start":{"line":25,"column":75},"end":{"line":25,"column":null}},"18":{"start":{"line":27,"column":2},"end":{"line":29,"column":null}},"19":{"start":{"line":28,"column":4},"end":{"line":28,"column":null}},"20":{"start":{"line":31,"column":2},"end":{"line":31,"column":null}},"21":{"start":{"line":35,"column":2},"end":{"line":35,"column":null}},"22":{"start":{"line":35,"column":69},"end":{"line":35,"column":null}},"23":{"start":{"line":36,"column":2},"end":{"line":36,"column":null}}},"fnMap":{"0":{"name":"canUseContentInFarol","decl":{"start":{"line":4,"column":16},"end":{"line":4,"column":37}},"loc":{"start":{"line":4,"column":106},"end":{"line":22,"column":null}},"line":4},"1":{"name":"(anonymous_1)","decl":{"start":{"line":14,"column":5},"end":{"line":14,"column":9}},"loc":{"start":{"line":14,"column":15},"end":{"line":14,"column":45}},"line":14},"2":{"name":"(anonymous_2)","decl":{"start":{"line":14,"column":23},"end":{"line":14,"column":28}},"loc":{"start":{"line":14,"column":33},"end":{"line":14,"column":44}},"line":14},"3":{"name":"(anonymous_3)","decl":{"start":{"line":15,"column":5},"end":{"line":15,"column":13}},"loc":{"start":{"line":15,"column":37},"end":{"line":15,"column":52}},"line":15},"4":{"name":"(anonymous_4)","decl":{"start":{"line":19,"column":22},"end":{"line":19,"column":27}},"loc":{"start":{"line":19,"column":32},"end":{"line":19,"column":83}},"line":19},"5":{"name":"canRecommendService","decl":{"start":{"line":24,"column":16},"end":{"line":24,"column":36}},"loc":{"start":{"line":24,"column":81},"end":{"line":32,"column":null}},"line":24},"6":{"name":"canReturnSource","decl":{"start":{"line":34,"column":16},"end":{"line":34,"column":32}},"loc":{"start":{"line":34,"column":62},"end":{"line":37,"column":null}},"line":34}},"branchMap":{"0":{"loc":{"start":{"line":5,"column":2},"end":{"line":5,"column":null}},"type":"if","locations":[{"start":{"line":5,"column":2},"end":{"line":5,"column":null}},{"start":{},"end":{}}],"line":5},"1":{"loc":{"start":{"line":7,"column":2},"end":{"line":9,"column":null}},"type":"if","locations":[{"start":{"line":7,"column":2},"end":{"line":9,"column":null}},{"start":{},"end":{}}],"line":7},"2":{"loc":{"start":{"line":7,"column":6},"end":{"line":7,"column":98}},"type":"binary-expr","locations":[{"start":{"line":7,"column":6},"end":{"line":7,"column":30}},{"start":{"line":7,"column":30},"end":{"line":7,"column":98}}],"line":7},"3":{"loc":{"start":{"line":11,"column":2},"end":{"line":11,"column":null}},"type":"if","locations":[{"start":{"line":11,"column":2},"end":{"line":11,"column":null}},{"start":{},"end":{}}],"line":11},"4":{"loc":{"start":{"line":11,"column":6},"end":{"line":11,"column":60}},"type":"binary-expr","locations":[{"start":{"line":11,"column":6},"end":{"line":11,"column":28}},{"start":{"line":11,"column":28},"end":{"line":11,"column":60}}],"line":11},"5":{"loc":{"start":{"line":17,"column":2},"end":{"line":17,"column":null}},"type":"if","locations":[{"start":{"line":17,"column":2},"end":{"line":17,"column":null}},{"start":{},"end":{}}],"line":17},"6":{"loc":{"start":{"line":19,"column":2},"end":{"line":19,"column":null}},"type":"if","locations":[{"start":{"line":19,"column":2},"end":{"line":19,"column":null}},{"start":{},"end":{}}],"line":19},"7":{"loc":{"start":{"line":19,"column":32},"end":{"line":19,"column":83}},"type":"binary-expr","locations":[{"start":{"line":19,"column":32},"end":{"line":19,"column":60}},{"start":{"line":19,"column":60},"end":{"line":19,"column":83}}],"line":19},"8":{"loc":{"start":{"line":25,"column":2},"end":{"line":25,"column":null}},"type":"if","locations":[{"start":{"line":25,"column":2},"end":{"line":25,"column":null}},{"start":{},"end":{}}],"line":25},"9":{"loc":{"start":{"line":25,"column":6},"end":{"line":25,"column":75}},"type":"binary-expr","locations":[{"start":{"line":25,"column":6},"end":{"line":25,"column":45}},{"start":{"line":25,"column":45},"end":{"line":25,"column":75}}],"line":25},"10":{"loc":{"start":{"line":27,"column":2},"end":{"line":29,"column":null}},"type":"if","locations":[{"start":{"line":27,"column":2},"end":{"line":29,"column":null}},{"start":{},"end":{}}],"line":27},"11":{"loc":{"start":{"line":27,"column":6},"end":{"line":27,"column":98}},"type":"binary-expr","locations":[{"start":{"line":27,"column":6},"end":{"line":27,"column":30}},{"start":{"line":27,"column":30},"end":{"line":27,"column":98}}],"line":27},"12":{"loc":{"start":{"line":35,"column":2},"end":{"line":35,"column":null}},"type":"if","locations":[{"start":{"line":35,"column":2},"end":{"line":35,"column":null}},{"start":{},"end":{}}],"line":35},"13":{"loc":{"start":{"line":35,"column":6},"end":{"line":35,"column":69}},"type":"binary-expr","locations":[{"start":{"line":35,"column":6},"end":{"line":35,"column":39}},{"start":{"line":35,"column":39},"end":{"line":35,"column":69}}],"line":35}},"s":{"0":12,"1":5,"2":7,"3":1,"4":6,"5":1,"6":5,"7":5,"8":7,"9":5,"10":5,"11":0,"12":5,"13":5,"14":1,"15":4,"16":3,"17":1,"18":2,"19":1,"20":1,"21":0,"22":0,"23":0},"f":{"0":12,"1":5,"2":7,"3":5,"4":5,"5":3,"6":0},"b":{"0":[5,7],"1":[1,6],"2":[7,4],"3":[1,5],"4":[6,6],"5":[0,5],"6":[1,4],"7":[5,4],"8":[1,2],"9":[3,1],"10":[1,1],"11":[2,2],"12":[0,0],"13":[0,0]},"meta":{"lastBranch":14,"lastFunction":7,"lastStatement":24,"seen":{"f:4:16:4:37":0,"b:5:2:5:Infinity:undefined:undefined:undefined:undefined":0,"s:5:2:5:Infinity":0,"s:5:38:5:Infinity":1,"b:7:2:9:Infinity:undefined:undefined:undefined:undefined":1,"s:7:2:9:Infinity":2,"b:7:6:7:30:7:30:7:98":2,"s:8:4:8:Infinity":3,"b:11:2:11:Infinity:undefined:undefined:undefined:undefined":3,"s:11:2:11:Infinity":4,"b:11:6:11:28:11:28:11:60":4,"s:11:60:11:Infinity":5,"s:13:26:15:Infinity":6,"f:14:5:14:9":1,"s:14:15:14:45":7,"f:14:23:14:28":2,"s:14:33:14:44":8,"f:15:5:15:13":3,"s:15:37:15:52":9,"b:17:2:17:Infinity:undefined:undefined:undefined:undefined":5,"s:17:2:17:Infinity":10,"s:17:36:17:Infinity":11,"b:19:2:19:Infinity:undefined:undefined:undefined:undefined":6,"s:19:2:19:Infinity":12,"f:19:22:19:27":4,"s:19:32:19:83":13,"b:19:32:19:60:19:60:19:83":7,"s:19:86:19:Infinity":14,"s:21:2:21:Infinity":15,"f:24:16:24:36":5,"b:25:2:25:Infinity:undefined:undefined:undefined:undefined":8,"s:25:2:25:Infinity":16,"b:25:6:25:45:25:45:25:75":9,"s:25:75:25:Infinity":17,"b:27:2:29:Infinity:undefined:undefined:undefined:undefined":10,"s:27:2:29:Infinity":18,"b:27:6:27:30:27:30:27:98":11,"s:28:4:28:Infinity":19,"s:31:2:31:Infinity":20,"f:34:16:34:32":6,"b:35:2:35:Infinity:undefined:undefined:undefined:undefined":12,"s:35:2:35:Infinity":21,"b:35:6:35:39:35:39:35:69":13,"s:35:69:35:Infinity":22,"s:36:2:36:Infinity":23},"fnNames":{}}}
,"C:\\Users\\User\\Desktop\\Projetos\\Portalgbtqia-main\\project-LGBTQIA+\\mcp\\portal-lgbtqia-knowledge-mcp\\repositories\\MemoryRepositories.ts": {"path":"C:\\Users\\User\\Desktop\\Projetos\\Portalgbtqia-main\\project-LGBTQIA+\\mcp\\portal-lgbtqia-knowledge-mcp\\repositories\\MemoryRepositories.ts","statementMap":{"0":{"start":{"line":16,"column":2},"end":{"line":20,"column":null}},"1":{"start":{"line":17,"column":4},"end":{"line":17,"column":null}},"2":{"start":{"line":19,"column":4},"end":{"line":19,"column":null}},"3":{"start":{"line":24,"column":2},"end":{"line":24,"column":null}},"4":{"start":{"line":28,"column":14},"end":{"line":28,"column":null}},"5":{"start":{"line":29,"column":2},"end":{"line":37,"column":null}},"6":{"start":{"line":30,"column":21},"end":{"line":30,"column":null}},"7":{"start":{"line":31,"column":22},"end":{"line":31,"column":null}},"8":{"start":{"line":32,"column":24},"end":{"line":32,"column":null}},"9":{"start":{"line":34,"column":4},"end":{"line":36,"column":null}},"10":{"start":{"line":34,"column":32},"end":{"line":34,"column":null}},"11":{"start":{"line":35,"column":9},"end":{"line":36,"column":null}},"12":{"start":{"line":35,"column":43},"end":{"line":35,"column":null}},"13":{"start":{"line":36,"column":9},"end":{"line":36,"column":null}},"14":{"start":{"line":36,"column":45},"end":{"line":36,"column":null}},"15":{"start":{"line":38,"column":2},"end":{"line":45,"column":null}},"16":{"start":{"line":39,"column":22},"end":{"line":39,"column":null}},"17":{"start":{"line":40,"column":22},"end":{"line":40,"column":null}},"18":{"start":{"line":41,"column":4},"end":{"line":43,"column":null}},"19":{"start":{"line":42,"column":6},"end":{"line":42,"column":null}},"20":{"start":{"line":42,"column":47},"end":{"line":42,"column":null}},"21":{"start":{"line":44,"column":4},"end":{"line":44,"column":null}},"22":{"start":{"line":46,"column":2},"end":{"line":46,"column":null}},"23":{"start":{"line":50,"column":22},"end":{"line":50,"column":46}},"24":{"start":{"line":53,"column":20},"end":{"line":57,"column":null}},"25":{"start":{"line":54,"column":6},"end":{"line":54,"column":null}},"26":{"start":{"line":54,"column":31},"end":{"line":54,"column":null}},"27":{"start":{"line":55,"column":6},"end":{"line":55,"column":null}},"28":{"start":{"line":55,"column":75},"end":{"line":55,"column":null}},"29":{"start":{"line":56,"column":6},"end":{"line":56,"column":null}},"30":{"start":{"line":59,"column":4},"end":{"line":62,"column":null}},"31":{"start":{"line":60,"column":6},"end":{"line":60,"column":null}},"32":{"start":{"line":60,"column":29},"end":{"line":60,"column":null}},"33":{"start":{"line":61,"column":6},"end":{"line":61,"column":null}},"34":{"start":{"line":64,"column":4},"end":{"line":66,"column":null}},"35":{"start":{"line":66,"column":16},"end":{"line":66,"column":44}},"36":{"start":{"line":70,"column":19},"end":{"line":70,"column":null}},"37":{"start":{"line":70,"column":42},"end":{"line":70,"column":53}},"38":{"start":{"line":71,"column":4},"end":{"line":71,"column":null}},"39":{"start":{"line":71,"column":45},"end":{"line":71,"column":null}},"40":{"start":{"line":72,"column":4},"end":{"line":72,"column":null}},"41":{"start":{"line":76,"column":19},"end":{"line":76,"column":null}},"42":{"start":{"line":76,"column":42},"end":{"line":76,"column":53}},"43":{"start":{"line":77,"column":4},"end":{"line":77,"column":null}},"44":{"start":{"line":81,"column":4},"end":{"line":81,"column":null}},"45":{"start":{"line":86,"column":22},"end":{"line":86,"column":48}},"46":{"start":{"line":86,"column":56},"end":{"line":86,"column":91}},"47":{"start":{"line":89,"column":20},"end":{"line":89,"column":null}},"48":{"start":{"line":91,"column":20},"end":{"line":111,"column":null}},"49":{"start":{"line":92,"column":6},"end":{"line":92,"column":null}},"50":{"start":{"line":92,"column":50},"end":{"line":92,"column":null}},"51":{"start":{"line":94,"column":6},"end":{"line":94,"column":null}},"52":{"start":{"line":94,"column":99},"end":{"line":94,"column":null}},"53":{"start":{"line":96,"column":6},"end":{"line":101,"column":null}},"54":{"start":{"line":97,"column":8},"end":{"line":97,"column":null}},"55":{"start":{"line":97,"column":21},"end":{"line":97,"column":null}},"56":{"start":{"line":98,"column":31},"end":{"line":98,"column":null}},"57":{"start":{"line":99,"column":23},"end":{"line":99,"column":null}},"58":{"start":{"line":99,"column":44},"end":{"line":99,"column":84}},"59":{"start":{"line":100,"column":8},"end":{"line":100,"column":null}},"60":{"start":{"line":100,"column":21},"end":{"line":100,"column":null}},"61":{"start":{"line":103,"column":6},"end":{"line":108,"column":null}},"62":{"start":{"line":104,"column":21},"end":{"line":104,"column":null}},"63":{"start":{"line":105,"column":27},"end":{"line":105,"column":null}},"64":{"start":{"line":106,"column":29},"end":{"line":106,"column":null}},"65":{"start":{"line":107,"column":8},"end":{"line":107,"column":null}},"66":{"start":{"line":107,"column":42},"end":{"line":107,"column":null}},"67":{"start":{"line":110,"column":6},"end":{"line":110,"column":null}},"68":{"start":{"line":113,"column":4},"end":{"line":124,"column":null}},"69":{"start":{"line":114,"column":21},"end":{"line":114,"column":null}},"70":{"start":{"line":115,"column":21},"end":{"line":115,"column":null}},"71":{"start":{"line":116,"column":6},"end":{"line":116,"column":null}},"72":{"start":{"line":116,"column":29},"end":{"line":116,"column":null}},"73":{"start":{"line":118,"column":20},"end":{"line":118,"column":null}},"74":{"start":{"line":119,"column":20},"end":{"line":119,"column":null}},"75":{"start":{"line":120,"column":6},"end":{"line":120,"column":null}},"76":{"start":{"line":120,"column":27},"end":{"line":120,"column":null}},"77":{"start":{"line":122,"column":6},"end":{"line":122,"column":null}},"78":{"start":{"line":122,"column":31},"end":{"line":122,"column":null}},"79":{"start":{"line":123,"column":6},"end":{"line":123,"column":null}},"80":{"start":{"line":126,"column":4},"end":{"line":128,"column":null}},"81":{"start":{"line":128,"column":16},"end":{"line":128,"column":45}},"82":{"start":{"line":132,"column":14},"end":{"line":132,"column":null}},"83":{"start":{"line":132,"column":38},"end":{"line":132,"column":49}},"84":{"start":{"line":133,"column":4},"end":{"line":133,"column":null}},"85":{"start":{"line":133,"column":12},"end":{"line":133,"column":null}},"86":{"start":{"line":134,"column":20},"end":{"line":134,"column":null}},"87":{"start":{"line":135,"column":4},"end":{"line":135,"column":null}},"88":{"start":{"line":135,"column":48},"end":{"line":135,"column":null}},"89":{"start":{"line":137,"column":4},"end":{"line":137,"column":null}},"90":{"start":{"line":141,"column":14},"end":{"line":141,"column":null}},"91":{"start":{"line":141,"column":38},"end":{"line":141,"column":49}},"92":{"start":{"line":142,"column":4},"end":{"line":142,"column":null}},"93":{"start":{"line":147,"column":22},"end":{"line":147,"column":48}},"94":{"start":{"line":150,"column":20},"end":{"line":173,"column":null}},"95":{"start":{"line":151,"column":6},"end":{"line":151,"column":null}},"96":{"start":{"line":151,"column":40},"end":{"line":151,"column":null}},"97":{"start":{"line":153,"column":6},"end":{"line":153,"column":null}},"98":{"start":{"line":153,"column":83},"end":{"line":153,"column":null}},"99":{"start":{"line":155,"column":6},"end":{"line":155,"column":null}},"100":{"start":{"line":155,"column":67},"end":{"line":155,"column":null}},"101":{"start":{"line":157,"column":6},"end":{"line":159,"column":null}},"102":{"start":{"line":158,"column":8},"end":{"line":158,"column":null}},"103":{"start":{"line":158,"column":77},"end":{"line":158,"column":null}},"104":{"start":{"line":161,"column":6},"end":{"line":163,"column":null}},"105":{"start":{"line":162,"column":8},"end":{"line":162,"column":null}},"106":{"start":{"line":162,"column":74},"end":{"line":162,"column":null}},"107":{"start":{"line":165,"column":6},"end":{"line":170,"column":null}},"108":{"start":{"line":166,"column":21},"end":{"line":166,"column":null}},"109":{"start":{"line":167,"column":26},"end":{"line":167,"column":null}},"110":{"start":{"line":168,"column":26},"end":{"line":168,"column":null}},"111":{"start":{"line":169,"column":8},"end":{"line":169,"column":null}},"112":{"start":{"line":169,"column":38},"end":{"line":169,"column":null}},"113":{"start":{"line":172,"column":6},"end":{"line":172,"column":null}},"114":{"start":{"line":175,"column":4},"end":{"line":189,"column":null}},"115":{"start":{"line":176,"column":6},"end":{"line":181,"column":null}},"116":{"start":{"line":177,"column":21},"end":{"line":177,"column":null}},"117":{"start":{"line":178,"column":27},"end":{"line":178,"column":null}},"118":{"start":{"line":179,"column":27},"end":{"line":179,"column":null}},"119":{"start":{"line":180,"column":8},"end":{"line":180,"column":null}},"120":{"start":{"line":180,"column":39},"end":{"line":180,"column":null}},"121":{"start":{"line":183,"column":20},"end":{"line":183,"column":null}},"122":{"start":{"line":184,"column":20},"end":{"line":184,"column":null}},"123":{"start":{"line":185,"column":6},"end":{"line":185,"column":null}},"124":{"start":{"line":185,"column":27},"end":{"line":185,"column":null}},"125":{"start":{"line":187,"column":6},"end":{"line":187,"column":null}},"126":{"start":{"line":187,"column":29},"end":{"line":187,"column":null}},"127":{"start":{"line":188,"column":6},"end":{"line":188,"column":null}},"128":{"start":{"line":191,"column":4},"end":{"line":193,"column":null}},"129":{"start":{"line":193,"column":16},"end":{"line":193,"column":45}},"130":{"start":{"line":197,"column":14},"end":{"line":197,"column":null}},"131":{"start":{"line":197,"column":38},"end":{"line":197,"column":49}},"132":{"start":{"line":198,"column":4},"end":{"line":198,"column":null}},"133":{"start":{"line":198,"column":12},"end":{"line":198,"column":null}},"134":{"start":{"line":199,"column":4},"end":{"line":199,"column":null}},"135":{"start":{"line":199,"column":38},"end":{"line":199,"column":null}},"136":{"start":{"line":201,"column":4},"end":{"line":201,"column":null}},"137":{"start":{"line":205,"column":14},"end":{"line":205,"column":null}},"138":{"start":{"line":205,"column":38},"end":{"line":205,"column":49}},"139":{"start":{"line":206,"column":4},"end":{"line":206,"column":null}}},"fnMap":{"0":{"name":"safeClone","decl":{"start":{"line":15,"column":9},"end":{"line":15,"column":22}},"loc":{"start":{"line":15,"column":33},"end":{"line":21,"column":null}},"line":15},"1":{"name":"normalizeStr","decl":{"start":{"line":23,"column":9},"end":{"line":23,"column":22}},"loc":{"start":{"line":23,"column":43},"end":{"line":25,"column":null}},"line":23},"2":{"name":"scoreContentMatch","decl":{"start":{"line":27,"column":9},"end":{"line":27,"column":27}},"loc":{"start":{"line":27,"column":116},"end":{"line":47,"column":null}},"line":27},"3":{"name":"constructor","decl":{"start":{"line":50,"column":2},"end":{"line":50,"column":14}},"loc":{"start":{"line":50,"column":46},"end":{"line":50,"column":null}},"line":50},"4":{"name":"searchVerifiedSources","decl":{"start":{"line":52,"column":8},"end":{"line":52,"column":30}},"loc":{"start":{"line":52,"column":104},"end":{"line":67,"column":null}},"line":52},"5":{"name":"(anonymous_5)","decl":{"start":{"line":53,"column":33},"end":{"line":53,"column":40}},"loc":{"start":{"line":53,"column":45},"end":{"line":57,"column":5}},"line":53},"6":{"name":"(anonymous_6)","decl":{"start":{"line":59,"column":12},"end":{"line":59,"column":18}},"loc":{"start":{"line":59,"column":27},"end":{"line":62,"column":5}},"line":59},"7":{"name":"(anonymous_7)","decl":{"start":{"line":66,"column":7},"end":{"line":66,"column":11}},"loc":{"start":{"line":66,"column":16},"end":{"line":66,"column":44}},"line":66},"8":{"name":"getVerifiedSource","decl":{"start":{"line":69,"column":8},"end":{"line":69,"column":26}},"loc":{"start":{"line":69,"column":86},"end":{"line":73,"column":null}},"line":69},"9":{"name":"(anonymous_9)","decl":{"start":{"line":70,"column":32},"end":{"line":70,"column":37}},"loc":{"start":{"line":70,"column":42},"end":{"line":70,"column":53}},"line":70},"10":{"name":"getRawSource","decl":{"start":{"line":75,"column":8},"end":{"line":75,"column":21}},"loc":{"start":{"line":75,"column":62},"end":{"line":78,"column":null}},"line":75},"11":{"name":"(anonymous_11)","decl":{"start":{"line":76,"column":32},"end":{"line":76,"column":37}},"loc":{"start":{"line":76,"column":42},"end":{"line":76,"column":53}},"line":76},"12":{"name":"getAllRawSources","decl":{"start":{"line":80,"column":8},"end":{"line":80,"column":51}},"loc":{"start":{"line":80,"column":51},"end":{"line":82,"column":null}},"line":80},"13":{"name":"constructor_2","decl":{"start":{"line":86,"column":2},"end":{"line":86,"column":14}},"loc":{"start":{"line":86,"column":91},"end":{"line":86,"column":null}},"line":86},"14":{"name":"searchValidatedContent","decl":{"start":{"line":88,"column":8},"end":{"line":88,"column":31}},"loc":{"start":{"line":88,"column":107},"end":{"line":129,"column":null}},"line":88},"15":{"name":"(anonymous_15)","decl":{"start":{"line":91,"column":34},"end":{"line":91,"column":41}},"loc":{"start":{"line":91,"column":46},"end":{"line":111,"column":5}},"line":91},"16":{"name":"(anonymous_16)","decl":{"start":{"line":99,"column":34},"end":{"line":99,"column":39}},"loc":{"start":{"line":99,"column":44},"end":{"line":99,"column":84}},"line":99},"17":{"name":"(anonymous_17)","decl":{"start":{"line":113,"column":12},"end":{"line":113,"column":18}},"loc":{"start":{"line":113,"column":27},"end":{"line":124,"column":5}},"line":113},"18":{"name":"(anonymous_18)","decl":{"start":{"line":128,"column":7},"end":{"line":128,"column":11}},"loc":{"start":{"line":128,"column":16},"end":{"line":128,"column":45}},"line":128},"19":{"name":"getValidatedContent","decl":{"start":{"line":131,"column":8},"end":{"line":131,"column":28}},"loc":{"start":{"line":131,"column":89},"end":{"line":138,"column":null}},"line":131},"20":{"name":"(anonymous_20)","decl":{"start":{"line":132,"column":28},"end":{"line":132,"column":33}},"loc":{"start":{"line":132,"column":38},"end":{"line":132,"column":49}},"line":132},"21":{"name":"getRawContent","decl":{"start":{"line":140,"column":8},"end":{"line":140,"column":22}},"loc":{"start":{"line":140,"column":64},"end":{"line":143,"column":null}},"line":140},"22":{"name":"(anonymous_22)","decl":{"start":{"line":141,"column":28},"end":{"line":141,"column":33}},"loc":{"start":{"line":141,"column":38},"end":{"line":141,"column":49}},"line":141},"23":{"name":"constructor_3","decl":{"start":{"line":147,"column":2},"end":{"line":147,"column":14}},"loc":{"start":{"line":147,"column":48},"end":{"line":147,"column":null}},"line":147},"24":{"name":"searchVerifiedServices","decl":{"start":{"line":149,"column":8},"end":{"line":149,"column":31}},"loc":{"start":{"line":149,"column":107},"end":{"line":194,"column":null}},"line":149},"25":{"name":"(anonymous_25)","decl":{"start":{"line":150,"column":34},"end":{"line":150,"column":41}},"loc":{"start":{"line":150,"column":46},"end":{"line":173,"column":5}},"line":150},"26":{"name":"(anonymous_26)","decl":{"start":{"line":175,"column":12},"end":{"line":175,"column":18}},"loc":{"start":{"line":175,"column":27},"end":{"line":189,"column":5}},"line":175},"27":{"name":"(anonymous_27)","decl":{"start":{"line":193,"column":7},"end":{"line":193,"column":11}},"loc":{"start":{"line":193,"column":16},"end":{"line":193,"column":45}},"line":193},"28":{"name":"getVerifiedService","decl":{"start":{"line":196,"column":8},"end":{"line":196,"column":27}},"loc":{"start":{"line":196,"column":88},"end":{"line":202,"column":null}},"line":196},"29":{"name":"(anonymous_29)","decl":{"start":{"line":197,"column":28},"end":{"line":197,"column":33}},"loc":{"start":{"line":197,"column":38},"end":{"line":197,"column":49}},"line":197},"30":{"name":"getRawService","decl":{"start":{"line":204,"column":8},"end":{"line":204,"column":22}},"loc":{"start":{"line":204,"column":64},"end":{"line":207,"column":null}},"line":204},"31":{"name":"(anonymous_31)","decl":{"start":{"line":205,"column":28},"end":{"line":205,"column":33}},"loc":{"start":{"line":205,"column":38},"end":{"line":205,"column":49}},"line":205}},"branchMap":{"0":{"loc":{"start":{"line":29,"column":2},"end":{"line":37,"column":null}},"type":"if","locations":[{"start":{"line":29,"column":2},"end":{"line":37,"column":null}},{"start":{},"end":{}}],"line":29},"1":{"loc":{"start":{"line":32,"column":24},"end":{"line":32,"column":null}},"type":"cond-expr","locations":[{"start":{"line":32,"column":36},"end":{"line":32,"column":62}},{"start":{"line":32,"column":62},"end":{"line":32,"column":null}}],"line":32},"2":{"loc":{"start":{"line":34,"column":4},"end":{"line":36,"column":null}},"type":"if","locations":[{"start":{"line":34,"column":4},"end":{"line":36,"column":null}},{"start":{"line":35,"column":9},"end":{"line":36,"column":null}}],"line":34},"3":{"loc":{"start":{"line":35,"column":9},"end":{"line":36,"column":null}},"type":"if","locations":[{"start":{"line":35,"column":9},"end":{"line":36,"column":null}},{"start":{"line":36,"column":9},"end":{"line":36,"column":null}}],"line":35},"4":{"loc":{"start":{"line":36,"column":9},"end":{"line":36,"column":null}},"type":"if","locations":[{"start":{"line":36,"column":9},"end":{"line":36,"column":null}},{"start":{},"end":{}}],"line":36},"5":{"loc":{"start":{"line":38,"column":2},"end":{"line":45,"column":null}},"type":"if","locations":[{"start":{"line":38,"column":2},"end":{"line":45,"column":null}},{"start":{},"end":{}}],"line":38},"6":{"loc":{"start":{"line":38,"column":6},"end":{"line":38,"column":51}},"type":"binary-expr","locations":[{"start":{"line":38,"column":6},"end":{"line":38,"column":19}},{"start":{"line":38,"column":19},"end":{"line":38,"column":43}},{"start":{"line":38,"column":43},"end":{"line":38,"column":51}}],"line":38},"7":{"loc":{"start":{"line":42,"column":6},"end":{"line":42,"column":null}},"type":"if","locations":[{"start":{"line":42,"column":6},"end":{"line":42,"column":null}},{"start":{},"end":{}}],"line":42},"8":{"loc":{"start":{"line":54,"column":6},"end":{"line":54,"column":null}},"type":"if","locations":[{"start":{"line":54,"column":6},"end":{"line":54,"column":null}},{"start":{},"end":{}}],"line":54},"9":{"loc":{"start":{"line":55,"column":6},"end":{"line":55,"column":null}},"type":"if","locations":[{"start":{"line":55,"column":6},"end":{"line":55,"column":null}},{"start":{},"end":{}}],"line":55},"10":{"loc":{"start":{"line":55,"column":10},"end":{"line":55,"column":75}},"type":"binary-expr","locations":[{"start":{"line":55,"column":10},"end":{"line":55,"column":27}},{"start":{"line":55,"column":27},"end":{"line":55,"column":40}},{"start":{"line":55,"column":40},"end":{"line":55,"column":75}}],"line":55},"11":{"loc":{"start":{"line":60,"column":6},"end":{"line":60,"column":null}},"type":"if","locations":[{"start":{"line":60,"column":6},"end":{"line":60,"column":null}},{"start":{},"end":{}}],"line":60},"12":{"loc":{"start":{"line":65,"column":25},"end":{"line":65,"column":73}},"type":"binary-expr","locations":[{"start":{"line":65,"column":25},"end":{"line":65,"column":40}},{"start":{"line":65,"column":40},"end":{"line":65,"column":73}}],"line":65},"13":{"loc":{"start":{"line":71,"column":4},"end":{"line":71,"column":null}},"type":"if","locations":[{"start":{"line":71,"column":4},"end":{"line":71,"column":null}},{"start":{},"end":{}}],"line":71},"14":{"loc":{"start":{"line":71,"column":8},"end":{"line":71,"column":45}},"type":"binary-expr","locations":[{"start":{"line":71,"column":8},"end":{"line":71,"column":19}},{"start":{"line":71,"column":19},"end":{"line":71,"column":45}}],"line":71},"15":{"loc":{"start":{"line":77,"column":11},"end":{"line":77,"column":null}},"type":"cond-expr","locations":[{"start":{"line":77,"column":20},"end":{"line":77,"column":40}},{"start":{"line":77,"column":40},"end":{"line":77,"column":null}}],"line":77},"16":{"loc":{"start":{"line":92,"column":6},"end":{"line":92,"column":null}},"type":"if","locations":[{"start":{"line":92,"column":6},"end":{"line":92,"column":null}},{"start":{},"end":{}}],"line":92},"17":{"loc":{"start":{"line":94,"column":6},"end":{"line":94,"column":null}},"type":"if","locations":[{"start":{"line":94,"column":6},"end":{"line":94,"column":null}},{"start":{},"end":{}}],"line":94},"18":{"loc":{"start":{"line":94,"column":10},"end":{"line":94,"column":99}},"type":"binary-expr","locations":[{"start":{"line":94,"column":10},"end":{"line":94,"column":33}},{"start":{"line":94,"column":33},"end":{"line":94,"column":52}},{"start":{"line":94,"column":52},"end":{"line":94,"column":99}}],"line":94},"19":{"loc":{"start":{"line":96,"column":6},"end":{"line":101,"column":null}},"type":"if","locations":[{"start":{"line":96,"column":6},"end":{"line":101,"column":null}},{"start":{},"end":{}}],"line":96},"20":{"loc":{"start":{"line":96,"column":10},"end":{"line":96,"column":47}},"type":"binary-expr","locations":[{"start":{"line":96,"column":10},"end":{"line":96,"column":24}},{"start":{"line":96,"column":24},"end":{"line":96,"column":47}}],"line":96},"21":{"loc":{"start":{"line":97,"column":8},"end":{"line":97,"column":null}},"type":"if","locations":[{"start":{"line":97,"column":8},"end":{"line":97,"column":null}},{"start":{},"end":{}}],"line":97},"22":{"loc":{"start":{"line":100,"column":8},"end":{"line":100,"column":null}},"type":"if","locations":[{"start":{"line":100,"column":8},"end":{"line":100,"column":null}},{"start":{},"end":{}}],"line":100},"23":{"loc":{"start":{"line":103,"column":6},"end":{"line":108,"column":null}},"type":"if","locations":[{"start":{"line":103,"column":6},"end":{"line":108,"column":null}},{"start":{},"end":{}}],"line":103},"24":{"loc":{"start":{"line":106,"column":29},"end":{"line":106,"column":null}},"type":"cond-expr","locations":[{"start":{"line":106,"column":41},"end":{"line":106,"column":82}},{"start":{"line":106,"column":82},"end":{"line":106,"column":null}}],"line":106},"25":{"loc":{"start":{"line":107,"column":8},"end":{"line":107,"column":null}},"type":"if","locations":[{"start":{"line":107,"column":8},"end":{"line":107,"column":null}},{"start":{},"end":{}}],"line":107},"26":{"loc":{"start":{"line":107,"column":12},"end":{"line":107,"column":42}},"type":"binary-expr","locations":[{"start":{"line":107,"column":12},"end":{"line":107,"column":27}},{"start":{"line":107,"column":27},"end":{"line":107,"column":42}}],"line":107},"27":{"loc":{"start":{"line":116,"column":6},"end":{"line":116,"column":null}},"type":"if","locations":[{"start":{"line":116,"column":6},"end":{"line":116,"column":null}},{"start":{},"end":{}}],"line":116},"28":{"loc":{"start":{"line":118,"column":20},"end":{"line":118,"column":null}},"type":"binary-expr","locations":[{"start":{"line":118,"column":20},"end":{"line":118,"column":40}},{"start":{"line":118,"column":40},"end":{"line":118,"column":57}},{"start":{"line":118,"column":57},"end":{"line":118,"column":null}}],"line":118},"29":{"loc":{"start":{"line":119,"column":20},"end":{"line":119,"column":null}},"type":"binary-expr","locations":[{"start":{"line":119,"column":20},"end":{"line":119,"column":40}},{"start":{"line":119,"column":40},"end":{"line":119,"column":57}},{"start":{"line":119,"column":57},"end":{"line":119,"column":null}}],"line":119},"30":{"loc":{"start":{"line":120,"column":6},"end":{"line":120,"column":null}},"type":"if","locations":[{"start":{"line":120,"column":6},"end":{"line":120,"column":null}},{"start":{},"end":{}}],"line":120},"31":{"loc":{"start":{"line":122,"column":6},"end":{"line":122,"column":null}},"type":"if","locations":[{"start":{"line":122,"column":6},"end":{"line":122,"column":null}},{"start":{},"end":{}}],"line":122},"32":{"loc":{"start":{"line":127,"column":25},"end":{"line":127,"column":73}},"type":"binary-expr","locations":[{"start":{"line":127,"column":25},"end":{"line":127,"column":40}},{"start":{"line":127,"column":40},"end":{"line":127,"column":73}}],"line":127},"33":{"loc":{"start":{"line":133,"column":4},"end":{"line":133,"column":null}},"type":"if","locations":[{"start":{"line":133,"column":4},"end":{"line":133,"column":null}},{"start":{},"end":{}}],"line":133},"34":{"loc":{"start":{"line":135,"column":4},"end":{"line":135,"column":null}},"type":"if","locations":[{"start":{"line":135,"column":4},"end":{"line":135,"column":null}},{"start":{},"end":{}}],"line":135},"35":{"loc":{"start":{"line":142,"column":11},"end":{"line":142,"column":null}},"type":"cond-expr","locations":[{"start":{"line":142,"column":15},"end":{"line":142,"column":30}},{"start":{"line":142,"column":30},"end":{"line":142,"column":null}}],"line":142},"36":{"loc":{"start":{"line":151,"column":6},"end":{"line":151,"column":null}},"type":"if","locations":[{"start":{"line":151,"column":6},"end":{"line":151,"column":null}},{"start":{},"end":{}}],"line":151},"37":{"loc":{"start":{"line":153,"column":6},"end":{"line":153,"column":null}},"type":"if","locations":[{"start":{"line":153,"column":6},"end":{"line":153,"column":null}},{"start":{},"end":{}}],"line":153},"38":{"loc":{"start":{"line":153,"column":10},"end":{"line":153,"column":83}},"type":"binary-expr","locations":[{"start":{"line":153,"column":10},"end":{"line":153,"column":29}},{"start":{"line":153,"column":29},"end":{"line":153,"column":44}},{"start":{"line":153,"column":44},"end":{"line":153,"column":83}}],"line":153},"39":{"loc":{"start":{"line":155,"column":6},"end":{"line":155,"column":null}},"type":"if","locations":[{"start":{"line":155,"column":6},"end":{"line":155,"column":null}},{"start":{},"end":{}}],"line":155},"40":{"loc":{"start":{"line":155,"column":10},"end":{"line":155,"column":67}},"type":"binary-expr","locations":[{"start":{"line":155,"column":10},"end":{"line":155,"column":40}},{"start":{"line":155,"column":40},"end":{"line":155,"column":67}}],"line":155},"41":{"loc":{"start":{"line":157,"column":6},"end":{"line":159,"column":null}},"type":"if","locations":[{"start":{"line":157,"column":6},"end":{"line":159,"column":null}},{"start":{},"end":{}}],"line":157},"42":{"loc":{"start":{"line":158,"column":8},"end":{"line":158,"column":null}},"type":"if","locations":[{"start":{"line":158,"column":8},"end":{"line":158,"column":null}},{"start":{},"end":{}}],"line":158},"43":{"loc":{"start":{"line":158,"column":12},"end":{"line":158,"column":77}},"type":"binary-expr","locations":[{"start":{"line":158,"column":12},"end":{"line":158,"column":24}},{"start":{"line":158,"column":24},"end":{"line":158,"column":77}}],"line":158},"44":{"loc":{"start":{"line":161,"column":6},"end":{"line":163,"column":null}},"type":"if","locations":[{"start":{"line":161,"column":6},"end":{"line":163,"column":null}},{"start":{},"end":{}}],"line":161},"45":{"loc":{"start":{"line":162,"column":8},"end":{"line":162,"column":null}},"type":"if","locations":[{"start":{"line":162,"column":8},"end":{"line":162,"column":null}},{"start":{},"end":{}}],"line":162},"46":{"loc":{"start":{"line":162,"column":12},"end":{"line":162,"column":74}},"type":"binary-expr","locations":[{"start":{"line":162,"column":12},"end":{"line":162,"column":23}},{"start":{"line":162,"column":23},"end":{"line":162,"column":74}}],"line":162},"47":{"loc":{"start":{"line":165,"column":6},"end":{"line":170,"column":null}},"type":"if","locations":[{"start":{"line":165,"column":6},"end":{"line":170,"column":null}},{"start":{},"end":{}}],"line":165},"48":{"loc":{"start":{"line":168,"column":26},"end":{"line":168,"column":null}},"type":"cond-expr","locations":[{"start":{"line":168,"column":42},"end":{"line":168,"column":87}},{"start":{"line":168,"column":87},"end":{"line":168,"column":null}}],"line":168},"49":{"loc":{"start":{"line":169,"column":8},"end":{"line":169,"column":null}},"type":"if","locations":[{"start":{"line":169,"column":8},"end":{"line":169,"column":null}},{"start":{},"end":{}}],"line":169},"50":{"loc":{"start":{"line":169,"column":12},"end":{"line":169,"column":38}},"type":"binary-expr","locations":[{"start":{"line":169,"column":12},"end":{"line":169,"column":26}},{"start":{"line":169,"column":26},"end":{"line":169,"column":38}}],"line":169},"51":{"loc":{"start":{"line":176,"column":6},"end":{"line":181,"column":null}},"type":"if","locations":[{"start":{"line":176,"column":6},"end":{"line":181,"column":null}},{"start":{},"end":{}}],"line":176},"52":{"loc":{"start":{"line":178,"column":27},"end":{"line":178,"column":null}},"type":"cond-expr","locations":[{"start":{"line":178,"column":59},"end":{"line":178,"column":67}},{"start":{"line":178,"column":67},"end":{"line":178,"column":null}}],"line":178},"53":{"loc":{"start":{"line":178,"column":67},"end":{"line":178,"column":null}},"type":"cond-expr","locations":[{"start":{"line":178,"column":105},"end":{"line":178,"column":111}},{"start":{"line":178,"column":111},"end":{"line":178,"column":null}}],"line":178},"54":{"loc":{"start":{"line":179,"column":27},"end":{"line":179,"column":null}},"type":"cond-expr","locations":[{"start":{"line":179,"column":59},"end":{"line":179,"column":67}},{"start":{"line":179,"column":67},"end":{"line":179,"column":null}}],"line":179},"55":{"loc":{"start":{"line":179,"column":67},"end":{"line":179,"column":null}},"type":"cond-expr","locations":[{"start":{"line":179,"column":105},"end":{"line":179,"column":111}},{"start":{"line":179,"column":111},"end":{"line":179,"column":null}}],"line":179},"56":{"loc":{"start":{"line":180,"column":8},"end":{"line":180,"column":null}},"type":"if","locations":[{"start":{"line":180,"column":8},"end":{"line":180,"column":null}},{"start":{},"end":{}}],"line":180},"57":{"loc":{"start":{"line":183,"column":20},"end":{"line":183,"column":null}},"type":"binary-expr","locations":[{"start":{"line":183,"column":20},"end":{"line":183,"column":40}},{"start":{"line":183,"column":40},"end":{"line":183,"column":null}}],"line":183},"58":{"loc":{"start":{"line":184,"column":20},"end":{"line":184,"column":null}},"type":"binary-expr","locations":[{"start":{"line":184,"column":20},"end":{"line":184,"column":40}},{"start":{"line":184,"column":40},"end":{"line":184,"column":null}}],"line":184},"59":{"loc":{"start":{"line":185,"column":6},"end":{"line":185,"column":null}},"type":"if","locations":[{"start":{"line":185,"column":6},"end":{"line":185,"column":null}},{"start":{},"end":{}}],"line":185},"60":{"loc":{"start":{"line":187,"column":6},"end":{"line":187,"column":null}},"type":"if","locations":[{"start":{"line":187,"column":6},"end":{"line":187,"column":null}},{"start":{},"end":{}}],"line":187},"61":{"loc":{"start":{"line":192,"column":25},"end":{"line":192,"column":73}},"type":"binary-expr","locations":[{"start":{"line":192,"column":25},"end":{"line":192,"column":40}},{"start":{"line":192,"column":40},"end":{"line":192,"column":73}}],"line":192},"62":{"loc":{"start":{"line":198,"column":4},"end":{"line":198,"column":null}},"type":"if","locations":[{"start":{"line":198,"column":4},"end":{"line":198,"column":null}},{"start":{},"end":{}}],"line":198},"63":{"loc":{"start":{"line":199,"column":4},"end":{"line":199,"column":null}},"type":"if","locations":[{"start":{"line":199,"column":4},"end":{"line":199,"column":null}},{"start":{},"end":{}}],"line":199},"64":{"loc":{"start":{"line":206,"column":11},"end":{"line":206,"column":null}},"type":"cond-expr","locations":[{"start":{"line":206,"column":15},"end":{"line":206,"column":30}},{"start":{"line":206,"column":30},"end":{"line":206,"column":null}}],"line":206}},"s":{"0":13,"1":13,"2":0,"3":0,"4":0,"5":0,"6":0,"7":0,"8":0,"9":0,"10":0,"11":0,"12":0,"13":0,"14":0,"15":0,"16":0,"17":0,"18":0,"19":0,"20":0,"21":0,"22":0,"23":12,"24":0,"25":0,"26":0,"27":0,"28":0,"29":0,"30":0,"31":0,"32":0,"33":0,"34":0,"35":0,"36":0,"37":0,"38":0,"39":0,"40":0,"41":0,"42":0,"43":0,"44":7,"45":9,"46":9,"47":2,"48":2,"49":7,"50":5,"51":2,"52":0,"53":2,"54":0,"55":0,"56":0,"57":0,"58":0,"59":0,"60":0,"61":2,"62":0,"63":0,"64":0,"65":0,"66":0,"67":2,"68":2,"69":0,"70":0,"71":0,"72":0,"73":0,"74":0,"75":0,"76":0,"77":0,"78":0,"79":0,"80":2,"81":2,"82":3,"83":4,"84":3,"85":0,"86":3,"87":3,"88":2,"89":1,"90":2,"91":3,"92":2,"93":12,"94":1,"95":3,"96":2,"97":1,"98":0,"99":1,"100":0,"101":1,"102":0,"103":0,"104":1,"105":0,"106":0,"107":1,"108":0,"109":0,"110":0,"111":0,"112":0,"113":1,"114":1,"115":0,"116":0,"117":0,"118":0,"119":0,"120":0,"121":0,"122":0,"123":0,"124":0,"125":0,"126":0,"127":0,"128":1,"129":1,"130":0,"131":0,"132":0,"133":0,"134":0,"135":0,"136":0,"137":0,"138":0,"139":0},"f":{"0":13,"1":0,"2":0,"3":12,"4":0,"5":0,"6":0,"7":0,"8":0,"9":0,"10":0,"11":0,"12":7,"13":9,"14":2,"15":7,"16":0,"17":0,"18":2,"19":3,"20":4,"21":2,"22":3,"23":12,"24":1,"25":3,"26":0,"27":1,"28":0,"29":0,"30":0,"31":0},"b":{"0":[0,0],"1":[0,0],"2":[0,0],"3":[0,0],"4":[0,0],"5":[0,0],"6":[0,0,0],"7":[0,0],"8":[0,0],"9":[0,0],"10":[0,0,0],"11":[0,0],"12":[0,0],"13":[0,0],"14":[0,0],"15":[0,0],"16":[5,2],"17":[0,2],"18":[2,0,0],"19":[0,2],"20":[2,0],"21":[0,0],"22":[0,0],"23":[0,2],"24":[0,0],"25":[0,0],"26":[0,0],"27":[0,0],"28":[0,0,0],"29":[0,0,0],"30":[0,0],"31":[0,0],"32":[2,2],"33":[0,3],"34":[2,1],"35":[2,0],"36":[2,1],"37":[0,1],"38":[1,0,0],"39":[0,1],"40":[1,0],"41":[0,1],"42":[0,0],"43":[0,0],"44":[0,1],"45":[0,0],"46":[0,0],"47":[0,1],"48":[0,0],"49":[0,0],"50":[0,0],"51":[0,0],"52":[0,0],"53":[0,0],"54":[0,0],"55":[0,0],"56":[0,0],"57":[0,0],"58":[0,0],"59":[0,0],"60":[0,0],"61":[1,1],"62":[0,0],"63":[0,0],"64":[0,0]},"meta":{"lastBranch":65,"lastFunction":32,"lastStatement":140,"seen":{"f:15:9:15:22":0,"s:16:2:20:Infinity":0,"s:17:4:17:Infinity":1,"s:19:4:19:Infinity":2,"f:23:9:23:22":1,"s:24:2:24:Infinity":3,"f:27:9:27:27":2,"s:28:14:28:Infinity":4,"b:29:2:37:Infinity:undefined:undefined:undefined:undefined":0,"s:29:2:37:Infinity":5,"s:30:21:30:Infinity":6,"s:31:22:31:Infinity":7,"s:32:24:32:Infinity":8,"b:32:36:32:62:32:62:32:Infinity":1,"b:34:4:36:Infinity:35:9:36:Infinity":2,"s:34:4:36:Infinity":9,"s:34:32:34:Infinity":10,"b:35:9:36:Infinity:36:9:36:Infinity":3,"s:35:9:36:Infinity":11,"s:35:43:35:Infinity":12,"b:36:9:36:Infinity:undefined:undefined:undefined:undefined":4,"s:36:9:36:Infinity":13,"s:36:45:36:Infinity":14,"b:38:2:45:Infinity:undefined:undefined:undefined:undefined":5,"s:38:2:45:Infinity":15,"b:38:6:38:19:38:19:38:43:38:43:38:51":6,"s:39:22:39:Infinity":16,"s:40:22:40:Infinity":17,"s:41:4:43:Infinity":18,"b:42:6:42:Infinity:undefined:undefined:undefined:undefined":7,"s:42:6:42:Infinity":19,"s:42:47:42:Infinity":20,"s:44:4:44:Infinity":21,"s:46:2:46:Infinity":22,"f:50:2:50:14":3,"s:50:22:50:46":23,"f:52:8:52:30":4,"s:53:20:57:Infinity":24,"f:53:33:53:40":5,"b:54:6:54:Infinity:undefined:undefined:undefined:undefined":8,"s:54:6:54:Infinity":25,"s:54:31:54:Infinity":26,"b:55:6:55:Infinity:undefined:undefined:undefined:undefined":9,"s:55:6:55:Infinity":27,"b:55:10:55:27:55:27:55:40:55:40:55:75":10,"s:55:75:55:Infinity":28,"s:56:6:56:Infinity":29,"s:59:4:62:Infinity":30,"f:59:12:59:18":6,"b:60:6:60:Infinity:undefined:undefined:undefined:undefined":11,"s:60:6:60:Infinity":31,"s:60:29:60:Infinity":32,"s:61:6:61:Infinity":33,"s:64:4:66:Infinity":34,"b:65:25:65:40:65:40:65:73":12,"f:66:7:66:11":7,"s:66:16:66:44":35,"f:69:8:69:26":8,"s:70:19:70:Infinity":36,"f:70:32:70:37":9,"s:70:42:70:53":37,"b:71:4:71:Infinity:undefined:undefined:undefined:undefined":13,"s:71:4:71:Infinity":38,"b:71:8:71:19:71:19:71:45":14,"s:71:45:71:Infinity":39,"s:72:4:72:Infinity":40,"f:75:8:75:21":10,"s:76:19:76:Infinity":41,"f:76:32:76:37":11,"s:76:42:76:53":42,"s:77:4:77:Infinity":43,"b:77:20:77:40:77:40:77:Infinity":15,"f:80:8:80:51":12,"s:81:4:81:Infinity":44,"f:86:2:86:14":13,"s:86:22:86:48":45,"s:86:56:86:91":46,"f:88:8:88:31":14,"s:89:20:89:Infinity":47,"s:91:20:111:Infinity":48,"f:91:34:91:41":15,"b:92:6:92:Infinity:undefined:undefined:undefined:undefined":16,"s:92:6:92:Infinity":49,"s:92:50:92:Infinity":50,"b:94:6:94:Infinity:undefined:undefined:undefined:undefined":17,"s:94:6:94:Infinity":51,"b:94:10:94:33:94:33:94:52:94:52:94:99":18,"s:94:99:94:Infinity":52,"b:96:6:101:Infinity:undefined:undefined:undefined:undefined":19,"s:96:6:101:Infinity":53,"b:96:10:96:24:96:24:96:47":20,"b:97:8:97:Infinity:undefined:undefined:undefined:undefined":21,"s:97:8:97:Infinity":54,"s:97:21:97:Infinity":55,"s:98:31:98:Infinity":56,"s:99:23:99:Infinity":57,"f:99:34:99:39":16,"s:99:44:99:84":58,"b:100:8:100:Infinity:undefined:undefined:undefined:undefined":22,"s:100:8:100:Infinity":59,"s:100:21:100:Infinity":60,"b:103:6:108:Infinity:undefined:undefined:undefined:undefined":23,"s:103:6:108:Infinity":61,"s:104:21:104:Infinity":62,"s:105:27:105:Infinity":63,"s:106:29:106:Infinity":64,"b:106:41:106:82:106:82:106:Infinity":24,"b:107:8:107:Infinity:undefined:undefined:undefined:undefined":25,"s:107:8:107:Infinity":65,"b:107:12:107:27:107:27:107:42":26,"s:107:42:107:Infinity":66,"s:110:6:110:Infinity":67,"s:113:4:124:Infinity":68,"f:113:12:113:18":17,"s:114:21:114:Infinity":69,"s:115:21:115:Infinity":70,"b:116:6:116:Infinity:undefined:undefined:undefined:undefined":27,"s:116:6:116:Infinity":71,"s:116:29:116:Infinity":72,"s:118:20:118:Infinity":73,"b:118:20:118:40:118:40:118:57:118:57:118:Infinity":28,"s:119:20:119:Infinity":74,"b:119:20:119:40:119:40:119:57:119:57:119:Infinity":29,"b:120:6:120:Infinity:undefined:undefined:undefined:undefined":30,"s:120:6:120:Infinity":75,"s:120:27:120:Infinity":76,"b:122:6:122:Infinity:undefined:undefined:undefined:undefined":31,"s:122:6:122:Infinity":77,"s:122:31:122:Infinity":78,"s:123:6:123:Infinity":79,"s:126:4:128:Infinity":80,"b:127:25:127:40:127:40:127:73":32,"f:128:7:128:11":18,"s:128:16:128:45":81,"f:131:8:131:28":19,"s:132:14:132:Infinity":82,"f:132:28:132:33":20,"s:132:38:132:49":83,"b:133:4:133:Infinity:undefined:undefined:undefined:undefined":33,"s:133:4:133:Infinity":84,"s:133:12:133:Infinity":85,"s:134:20:134:Infinity":86,"b:135:4:135:Infinity:undefined:undefined:undefined:undefined":34,"s:135:4:135:Infinity":87,"s:135:48:135:Infinity":88,"s:137:4:137:Infinity":89,"f:140:8:140:22":21,"s:141:14:141:Infinity":90,"f:141:28:141:33":22,"s:141:38:141:49":91,"s:142:4:142:Infinity":92,"b:142:15:142:30:142:30:142:Infinity":35,"f:147:2:147:14":23,"s:147:22:147:48":93,"f:149:8:149:31":24,"s:150:20:173:Infinity":94,"f:150:34:150:41":25,"b:151:6:151:Infinity:undefined:undefined:undefined:undefined":36,"s:151:6:151:Infinity":95,"s:151:40:151:Infinity":96,"b:153:6:153:Infinity:undefined:undefined:undefined:undefined":37,"s:153:6:153:Infinity":97,"b:153:10:153:29:153:29:153:44:153:44:153:83":38,"s:153:83:153:Infinity":98,"b:155:6:155:Infinity:undefined:undefined:undefined:undefined":39,"s:155:6:155:Infinity":99,"b:155:10:155:40:155:40:155:67":40,"s:155:67:155:Infinity":100,"b:157:6:159:Infinity:undefined:undefined:undefined:undefined":41,"s:157:6:159:Infinity":101,"b:158:8:158:Infinity:undefined:undefined:undefined:undefined":42,"s:158:8:158:Infinity":102,"b:158:12:158:24:158:24:158:77":43,"s:158:77:158:Infinity":103,"b:161:6:163:Infinity:undefined:undefined:undefined:undefined":44,"s:161:6:163:Infinity":104,"b:162:8:162:Infinity:undefined:undefined:undefined:undefined":45,"s:162:8:162:Infinity":105,"b:162:12:162:23:162:23:162:74":46,"s:162:74:162:Infinity":106,"b:165:6:170:Infinity:undefined:undefined:undefined:undefined":47,"s:165:6:170:Infinity":107,"s:166:21:166:Infinity":108,"s:167:26:167:Infinity":109,"s:168:26:168:Infinity":110,"b:168:42:168:87:168:87:168:Infinity":48,"b:169:8:169:Infinity:undefined:undefined:undefined:undefined":49,"s:169:8:169:Infinity":111,"b:169:12:169:26:169:26:169:38":50,"s:169:38:169:Infinity":112,"s:172:6:172:Infinity":113,"s:175:4:189:Infinity":114,"f:175:12:175:18":26,"b:176:6:181:Infinity:undefined:undefined:undefined:undefined":51,"s:176:6:181:Infinity":115,"s:177:21:177:Infinity":116,"s:178:27:178:Infinity":117,"b:178:59:178:67:178:67:178:Infinity":52,"b:178:105:178:111:178:111:178:Infinity":53,"s:179:27:179:Infinity":118,"b:179:59:179:67:179:67:179:Infinity":54,"b:179:105:179:111:179:111:179:Infinity":55,"b:180:8:180:Infinity:undefined:undefined:undefined:undefined":56,"s:180:8:180:Infinity":119,"s:180:39:180:Infinity":120,"s:183:20:183:Infinity":121,"b:183:20:183:40:183:40:183:Infinity":57,"s:184:20:184:Infinity":122,"b:184:20:184:40:184:40:184:Infinity":58,"b:185:6:185:Infinity:undefined:undefined:undefined:undefined":59,"s:185:6:185:Infinity":123,"s:185:27:185:Infinity":124,"b:187:6:187:Infinity:undefined:undefined:undefined:undefined":60,"s:187:6:187:Infinity":125,"s:187:29:187:Infinity":126,"s:188:6:188:Infinity":127,"s:191:4:193:Infinity":128,"b:192:25:192:40:192:40:192:73":61,"f:193:7:193:11":27,"s:193:16:193:45":129,"f:196:8:196:27":28,"s:197:14:197:Infinity":130,"f:197:28:197:33":29,"s:197:38:197:49":131,"b:198:4:198:Infinity:undefined:undefined:undefined:undefined":62,"s:198:4:198:Infinity":132,"s:198:12:198:Infinity":133,"b:199:4:199:Infinity:undefined:undefined:undefined:undefined":63,"s:199:4:199:Infinity":134,"s:199:38:199:Infinity":135,"s:201:4:201:Infinity":136,"f:204:8:204:22":30,"s:205:14:205:Infinity":137,"f:205:28:205:33":31,"s:205:38:205:49":138,"s:206:4:206:Infinity":139,"b:206:15:206:30:206:30:206:Infinity":64},"fnNames":{}}}
,"C:\\Users\\User\\Desktop\\Projetos\\Portalgbtqia-main\\project-LGBTQIA+\\mcp\\portal-lgbtqia-knowledge-mcp\\tests\\fixtures\\trustFixtures.ts": {"path":"C:\\Users\\User\\Desktop\\Projetos\\Portalgbtqia-main\\project-LGBTQIA+\\mcp\\portal-lgbtqia-knowledge-mcp\\tests\\fixtures\\trustFixtures.ts","statementMap":{"0":{"start":{"line":3,"column":23},"end":{"line":3,"column":null}},"1":{"start":{"line":4,"column":26},"end":{"line":4,"column":null}},"2":{"start":{"line":5,"column":24},"end":{"line":5,"column":null}},"3":{"start":{"line":7,"column":42},"end":{"line":26,"column":null}},"4":{"start":{"line":28,"column":44},"end":{"line":87,"column":null}},"5":{"start":{"line":89,"column":44},"end":{"line":125,"column":null}}},"fnMap":{},"branchMap":{},"s":{"0":1,"1":1,"2":1,"3":1,"4":1,"5":1},"f":{},"b":{},"meta":{"lastBranch":0,"lastFunction":0,"lastStatement":6,"seen":{"s:3:23:3:Infinity":0,"s:4:26:4:Infinity":1,"s:5:24:5:Infinity":2,"s:7:42:26:Infinity":3,"s:28:44:87:Infinity":4,"s:89:44:125:Infinity":5},"fnNames":{}}}
,"C:\\Users\\User\\Desktop\\Projetos\\Portalgbtqia-main\\project-LGBTQIA+\\mcp\\portal-lgbtqia-knowledge-mcp\\tools\\contentTools.ts": {"path":"C:\\Users\\User\\Desktop\\Projetos\\Portalgbtqia-main\\project-LGBTQIA+\\mcp\\portal-lgbtqia-knowledge-mcp\\tools\\contentTools.ts","statementMap":{"0":{"start":{"line":6,"column":44},"end":{"line":11,"column":null}},"1":{"start":{"line":14,"column":17},"end":{"line":14,"column":null}},"2":{"start":{"line":15,"column":2},"end":{"line":17,"column":null}},"3":{"start":{"line":16,"column":4},"end":{"line":16,"column":null}},"4":{"start":{"line":19,"column":18},"end":{"line":19,"column":null}},"5":{"start":{"line":21,"column":2},"end":{"line":27,"column":null}},"6":{"start":{"line":30,"column":41},"end":{"line":32,"column":null}},"7":{"start":{"line":35,"column":17},"end":{"line":35,"column":null}},"8":{"start":{"line":36,"column":2},"end":{"line":38,"column":null}},"9":{"start":{"line":37,"column":4},"end":{"line":37,"column":null}},"10":{"start":{"line":40,"column":18},"end":{"line":40,"column":null}},"11":{"start":{"line":41,"column":2},"end":{"line":43,"column":null}},"12":{"start":{"line":42,"column":4},"end":{"line":42,"column":null}},"13":{"start":{"line":45,"column":2},"end":{"line":47,"column":null}}},"fnMap":{"0":{"name":"searchValidatedContent","decl":{"start":{"line":13,"column":22},"end":{"line":13,"column":45}},"loc":{"start":{"line":13,"column":103},"end":{"line":28,"column":null}},"line":13},"1":{"name":"getValidatedContent","decl":{"start":{"line":34,"column":22},"end":{"line":34,"column":42}},"loc":{"start":{"line":34,"column":100},"end":{"line":48,"column":null}},"line":34}},"branchMap":{"0":{"loc":{"start":{"line":15,"column":2},"end":{"line":17,"column":null}},"type":"if","locations":[{"start":{"line":15,"column":2},"end":{"line":17,"column":null}},{"start":{},"end":{}}],"line":15},"1":{"loc":{"start":{"line":25,"column":15},"end":{"line":25,"column":null}},"type":"cond-expr","locations":[{"start":{"line":25,"column":38},"end":{"line":25,"column":89}},{"start":{"line":25,"column":89},"end":{"line":25,"column":null}}],"line":25},"2":{"loc":{"start":{"line":36,"column":2},"end":{"line":38,"column":null}},"type":"if","locations":[{"start":{"line":36,"column":2},"end":{"line":38,"column":null}},{"start":{},"end":{}}],"line":36},"3":{"loc":{"start":{"line":41,"column":2},"end":{"line":43,"column":null}},"type":"if","locations":[{"start":{"line":41,"column":2},"end":{"line":43,"column":null}},{"start":{},"end":{}}],"line":41}},"s":{"0":5,"1":6,"2":6,"3":0,"4":6,"5":4,"6":5,"7":4,"8":4,"9":0,"10":4,"11":4,"12":2,"13":2},"f":{"0":6,"1":4},"b":{"0":[0,6],"1":[0,4],"2":[0,4],"3":[2,2]},"meta":{"lastBranch":4,"lastFunction":2,"lastStatement":14,"seen":{"s:6:44:11:Infinity":0,"f:13:22:13:45":0,"s:14:17:14:Infinity":1,"b:15:2:17:Infinity:undefined:undefined:undefined:undefined":0,"s:15:2:17:Infinity":2,"s:16:4:16:Infinity":3,"s:19:18:19:Infinity":4,"s:21:2:27:Infinity":5,"b:25:38:25:89:25:89:25:Infinity":1,"s:30:41:32:Infinity":6,"f:34:22:34:42":1,"s:35:17:35:Infinity":7,"b:36:2:38:Infinity:undefined:undefined:undefined:undefined":2,"s:36:2:38:Infinity":8,"s:37:4:37:Infinity":9,"s:40:18:40:Infinity":10,"b:41:2:43:Infinity:undefined:undefined:undefined:undefined":3,"s:41:2:43:Infinity":11,"s:42:4:42:Infinity":12,"s:45:2:47:Infinity":13},"fnNames":{}}}
,"C:\\Users\\User\\Desktop\\Projetos\\Portalgbtqia-main\\project-LGBTQIA+\\mcp\\portal-lgbtqia-knowledge-mcp\\tools\\freshnessTools.ts": {"path":"C:\\Users\\User\\Desktop\\Projetos\\Portalgbtqia-main\\project-LGBTQIA+\\mcp\\portal-lgbtqia-knowledge-mcp\\tools\\freshnessTools.ts","statementMap":{"0":{"start":{"line":7,"column":47},"end":{"line":10,"column":null}},"1":{"start":{"line":19,"column":17},"end":{"line":19,"column":null}},"2":{"start":{"line":20,"column":2},"end":{"line":22,"column":null}},"3":{"start":{"line":21,"column":4},"end":{"line":21,"column":null}},"4":{"start":{"line":24,"column":29},"end":{"line":24,"column":null}},"5":{"start":{"line":25,"column":18},"end":{"line":25,"column":null}},"6":{"start":{"line":27,"column":2},"end":{"line":71,"column":null}},"7":{"start":{"line":28,"column":23},"end":{"line":28,"column":null}},"8":{"start":{"line":30,"column":4},"end":{"line":32,"column":null}},"9":{"start":{"line":31,"column":6},"end":{"line":31,"column":null}},"10":{"start":{"line":38,"column":4},"end":{"line":40,"column":null}},"11":{"start":{"line":39,"column":6},"end":{"line":39,"column":null}},"12":{"start":{"line":42,"column":23},"end":{"line":42,"column":null}},"13":{"start":{"line":43,"column":20},"end":{"line":43,"column":null}},"14":{"start":{"line":45,"column":10},"end":{"line":45,"column":null}},"15":{"start":{"line":46,"column":4},"end":{"line":48,"column":null}},"16":{"start":{"line":47,"column":6},"end":{"line":47,"column":null}},"17":{"start":{"line":50,"column":4},"end":{"line":50,"column":null}},"18":{"start":{"line":52,"column":9},"end":{"line":71,"column":null}},"19":{"start":{"line":53,"column":23},"end":{"line":53,"column":null}},"20":{"start":{"line":54,"column":4},"end":{"line":56,"column":null}},"21":{"start":{"line":55,"column":6},"end":{"line":55,"column":null}},"22":{"start":{"line":58,"column":4},"end":{"line":60,"column":null}},"23":{"start":{"line":59,"column":6},"end":{"line":59,"column":null}},"24":{"start":{"line":62,"column":23},"end":{"line":62,"column":null}},"25":{"start":{"line":63,"column":20},"end":{"line":63,"column":null}},"26":{"start":{"line":65,"column":10},"end":{"line":65,"column":null}},"27":{"start":{"line":66,"column":4},"end":{"line":68,"column":null}},"28":{"start":{"line":67,"column":6},"end":{"line":67,"column":null}},"29":{"start":{"line":70,"column":4},"end":{"line":70,"column":null}},"30":{"start":{"line":73,"column":2},"end":{"line":73,"column":null}}},"fnMap":{"0":{"name":"checkInformationFreshness","decl":{"start":{"line":12,"column":22},"end":{"line":12,"column":null}},"loc":{"start":{"line":18,"column":2},"end":{"line":74,"column":null}},"line":18}},"branchMap":{"0":{"loc":{"start":{"line":20,"column":2},"end":{"line":22,"column":null}},"type":"if","locations":[{"start":{"line":20,"column":2},"end":{"line":22,"column":null}},{"start":{},"end":{}}],"line":20},"1":{"loc":{"start":{"line":27,"column":2},"end":{"line":71,"column":null}},"type":"if","locations":[{"start":{"line":27,"column":2},"end":{"line":71,"column":null}},{"start":{"line":52,"column":9},"end":{"line":71,"column":null}}],"line":27},"2":{"loc":{"start":{"line":30,"column":4},"end":{"line":32,"column":null}},"type":"if","locations":[{"start":{"line":30,"column":4},"end":{"line":32,"column":null}},{"start":{},"end":{}}],"line":30},"3":{"loc":{"start":{"line":30,"column":8},"end":{"line":30,"column":72}},"type":"binary-expr","locations":[{"start":{"line":30,"column":8},"end":{"line":30,"column":23}},{"start":{"line":30,"column":23},"end":{"line":30,"column":72}}],"line":30},"4":{"loc":{"start":{"line":38,"column":4},"end":{"line":40,"column":null}},"type":"if","locations":[{"start":{"line":38,"column":4},"end":{"line":40,"column":null}},{"start":{},"end":{}}],"line":38},"5":{"loc":{"start":{"line":46,"column":4},"end":{"line":48,"column":null}},"type":"if","locations":[{"start":{"line":46,"column":4},"end":{"line":48,"column":null}},{"start":{},"end":{}}],"line":46},"6":{"loc":{"start":{"line":52,"column":9},"end":{"line":71,"column":null}},"type":"if","locations":[{"start":{"line":52,"column":9},"end":{"line":71,"column":null}},{"start":{},"end":{}}],"line":52},"7":{"loc":{"start":{"line":54,"column":4},"end":{"line":56,"column":null}},"type":"if","locations":[{"start":{"line":54,"column":4},"end":{"line":56,"column":null}},{"start":{},"end":{}}],"line":54},"8":{"loc":{"start":{"line":54,"column":8},"end":{"line":54,"column":62}},"type":"binary-expr","locations":[{"start":{"line":54,"column":8},"end":{"line":54,"column":23}},{"start":{"line":54,"column":23},"end":{"line":54,"column":62}}],"line":54},"9":{"loc":{"start":{"line":58,"column":4},"end":{"line":60,"column":null}},"type":"if","locations":[{"start":{"line":58,"column":4},"end":{"line":60,"column":null}},{"start":{},"end":{}}],"line":58},"10":{"loc":{"start":{"line":66,"column":4},"end":{"line":68,"column":null}},"type":"if","locations":[{"start":{"line":66,"column":4},"end":{"line":68,"column":null}},{"start":{},"end":{}}],"line":66}},"s":{"0":4,"1":2,"2":2,"3":0,"4":2,"5":2,"6":2,"7":2,"8":2,"9":1,"10":1,"11":0,"12":1,"13":1,"14":1,"15":1,"16":0,"17":1,"18":0,"19":0,"20":0,"21":0,"22":0,"23":0,"24":0,"25":0,"26":0,"27":0,"28":0,"29":0,"30":0},"f":{"0":2},"b":{"0":[0,2],"1":[2,0],"2":[1,1],"3":[2,2],"4":[0,1],"5":[0,1],"6":[0,0],"7":[0,0],"8":[0,0],"9":[0,0],"10":[0,0]},"meta":{"lastBranch":11,"lastFunction":1,"lastStatement":31,"seen":{"s:7:47:10:Infinity":0,"f:12:22:12:Infinity":0,"s:19:17:19:Infinity":1,"b:20:2:22:Infinity:undefined:undefined:undefined:undefined":0,"s:20:2:22:Infinity":2,"s:21:4:21:Infinity":3,"s:24:29:24:Infinity":4,"s:25:18:25:Infinity":5,"b:27:2:71:Infinity:52:9:71:Infinity":1,"s:27:2:71:Infinity":6,"s:28:23:28:Infinity":7,"b:30:4:32:Infinity:undefined:undefined:undefined:undefined":2,"s:30:4:32:Infinity":8,"b:30:8:30:23:30:23:30:72":3,"s:31:6:31:Infinity":9,"b:38:4:40:Infinity:undefined:undefined:undefined:undefined":4,"s:38:4:40:Infinity":10,"s:39:6:39:Infinity":11,"s:42:23:42:Infinity":12,"s:43:20:43:Infinity":13,"s:45:10:45:Infinity":14,"b:46:4:48:Infinity:undefined:undefined:undefined:undefined":5,"s:46:4:48:Infinity":15,"s:47:6:47:Infinity":16,"s:50:4:50:Infinity":17,"b:52:9:71:Infinity:undefined:undefined:undefined:undefined":6,"s:52:9:71:Infinity":18,"s:53:23:53:Infinity":19,"b:54:4:56:Infinity:undefined:undefined:undefined:undefined":7,"s:54:4:56:Infinity":20,"b:54:8:54:23:54:23:54:62":8,"s:55:6:55:Infinity":21,"b:58:4:60:Infinity:undefined:undefined:undefined:undefined":9,"s:58:4:60:Infinity":22,"s:59:6:59:Infinity":23,"s:62:23:62:Infinity":24,"s:63:20:63:Infinity":25,"s:65:10:65:Infinity":26,"b:66:4:68:Infinity:undefined:undefined:undefined:undefined":10,"s:66:4:68:Infinity":27,"s:67:6:67:Infinity":28,"s:70:4:70:Infinity":29,"s:73:2:73:Infinity":30},"fnNames":{}}}
[...]
126,"column":2},"end":{"line":129,"column":null}},"52":{"start":{"line":127,"column":23},"end":{"line":127,"column":null}},"53":{"start":{"line":128,"column":4},"end":{"line":128,"column":null}},"54":{"start":{"line":130,"column":2},"end":{"line":130,"column":null}},"55":{"start":{"line":134,"column":2},"end":{"line":134,"column":null}},"56":{"start":{"line":139,"column":2},"end":{"line":139,"column":null}},"57":{"start":{"line":139,"column":38},"end":{"line":139,"column":null}},"58":{"start":{"line":140,"column":2},"end":{"line":140,"column":null}},"59":{"start":{"line":140,"column":148},"end":{"line":140,"column":null}},"60":{"start":{"line":141,"column":2},"end":{"line":141,"column":null}},"61":{"start":{"line":141,"column":45},"end":{"line":141,"column":null}},"62":{"start":{"line":142,"column":2},"end":{"line":142,"column":null}},"63":{"start":{"line":142,"column":33},"end":{"line":142,"column":null}},"64":{"start":{"line":144,"column":2},"end":{"line":144,"column":null}},"65":{"start":{"line":148,"column":2},"end":{"line":148,"column":null}},"66":{"start":{"line":152,"column":53},"end":{"line":152,"column":null}},"67":{"start":{"line":153,"column":2},"end":{"line":153,"column":null}},"68":{"start":{"line":153,"column":48},"end":{"line":153,"column":null}},"69":{"start":{"line":154,"column":2},"end":{"line":154,"column":null}},"70":{"start":{"line":154,"column":45},"end":{"line":154,"column":null}},"71":{"start":{"line":155,"column":2},"end":{"line":155,"column":null}},"72":{"start":{"line":159,"column":2},"end":{"line":159,"column":null}},"73":{"start":{"line":163,"column":2},"end":{"line":163,"column":null}},"74":{"start":{"line":163,"column":40},"end":{"line":163,"column":null}},"75":{"start":{"line":164,"column":2},"end":{"line":164,"column":null}},"76":{"start":{"line":168,"column":15},"end":{"line":168,"column":null}},"77":{"start":{"line":169,"column":2},"end":{"line":171,"column":null}},"78":{"start":{"line":170,"column":4},"end":{"line":170,"column":null}},"79":{"start":{"line":172,"column":2},"end":{"line":172,"column":null}},"80":{"start":{"line":173,"column":2},"end":{"line":173,"column":null}},"81":{"start":{"line":187,"column":6},"end":{"line":187,"column":null}},"82":{"start":{"line":188,"column":2},"end":{"line":188,"column":null}},"83":{"start":{"line":197,"column":6},"end":{"line":197,"column":null}},"84":{"start":{"line":198,"column":2},"end":{"line":198,"column":null}},"85":{"start":{"line":206,"column":6},"end":{"line":206,"column":null}},"86":{"start":{"line":207,"column":2},"end":{"line":207,"column":null}},"87":{"start":{"line":215,"column":6},"end":{"line":215,"column":null}},"88":{"start":{"line":216,"column":2},"end":{"line":216,"column":null}},"89":{"start":{"line":224,"column":6},"end":{"line":224,"column":null}},"90":{"start":{"line":225,"column":2},"end":{"line":225,"column":null}}},"fnMap":{"0":{"name":"canTransitionVerificationStatus","decl":{"start":{"line":29,"column":16},"end":{"line":29,"column":null}},"loc":{"start":{"line":32,"column":11},"end":{"line":59,"column":null}},"line":32},"1":{"name":"canTransitionEditorialStatus","decl":{"start":{"line":61,"column":16},"end":{"line":61,"column":null}},"loc":{"start":{"line":64,"column":11},"end":{"line":85,"column":null}},"line":64},"2":{"name":"isServiceFresh","decl":{"start":{"line":91,"column":16},"end":{"line":91,"column":31}},"loc":{"start":{"line":91,"column":95},"end":{"line":104,"column":null}},"line":91},"3":{"name":"canDisplayServicePublicly","decl":{"start":{"line":106,"column":16},"end":{"line":106,"column":42}},"loc":{"start":{"line":106,"column":74},"end":{"line":109,"column":null}},"line":106},"4":{"name":"canRecommendService","decl":{"start":{"line":111,"column":16},"end":{"line":111,"column":36}},"loc":{"start":{"line":111,"column":100},"end":{"line":122,"column":null}},"line":111},"5":{"name":"isContentFresh","decl":{"start":{"line":124,"column":16},"end":{"line":124,"column":31}},"loc":{"start":{"line":124,"column":95},"end":{"line":131,"column":null}},"line":124},"6":{"name":"canPublishContent","decl":{"start":{"line":133,"column":16},"end":{"line":133,"column":34}},"loc":{"start":{"line":133,"column":66},"end":{"line":135,"column":null}},"line":133},"7":{"name":"canUseContentInFarol","decl":{"start":{"line":137,"column":16},"end":{"line":137,"column":37}},"loc":{"start":{"line":137,"column":101},"end":{"line":145,"column":null}},"line":137},"8":{"name":"hasValidSources","decl":{"start":{"line":147,"column":16},"end":{"line":147,"column":32}},"loc":{"start":{"line":147,"column":74},"end":{"line":149,"column":null}},"line":147},"9":{"name":"isSourceValid","decl":{"start":{"line":151,"column":16},"end":{"line":151,"column":30}},"loc":{"start":{"line":151,"column":60},"end":{"line":156,"column":null}},"line":151},"10":{"name":"isEventExpired","decl":{"start":{"line":158,"column":16},"end":{"line":158,"column":31}},"loc":{"start":{"line":158,"column":91},"end":{"line":160,"column":null}},"line":158},"11":{"name":"isOpportunityExpired","decl":{"start":{"line":162,"column":16},"end":{"line":162,"column":37}},"loc":{"start":{"line":162,"column":109},"end":{"line":165,"column":null}},"line":162},"12":{"name":"calculateNextReviewDate","decl":{"start":{"line":167,"column":16},"end":{"line":167,"column":40}},"loc":{"start":{"line":167,"column":91},"end":{"line":174,"column":null}},"line":167},"13":{"name":"toPublicService","decl":{"start":{"line":180,"column":16},"end":{"line":180,"column":32}},"loc":{"start":{"line":180,"column":75},"end":{"line":189,"column":null}},"line":180},"14":{"name":"toPublicContent","decl":{"start":{"line":191,"column":16},"end":{"line":191,"column":32}},"loc":{"start":{"line":191,"column":75},"end":{"line":199,"column":null}},"line":191},"15":{"name":"toPublicEvent","decl":{"start":{"line":201,"column":16},"end":{"line":201,"column":30}},"loc":{"start":{"line":201,"column":67},"end":{"line":208,"column":null}},"line":201},"16":{"name":"toPublicOpportunity","decl":{"start":{"line":210,"column":16},"end":{"line":210,"column":36}},"loc":{"start":{"line":210,"column":91},"end":{"line":217,"column":null}},"line":210},"17":{"name":"toPublicSource","decl":{"start":{"line":219,"column":16},"end":{"line":219,"column":31}},"loc":{"start":{"line":219,"column":71},"end":{"line":226,"column":null}},"line":219}},"branchMap":{"0":{"loc":{"start":{"line":33,"column":2},"end":{"line":33,"column":null}},"type":"if","locations":[{"start":{"line":33,"column":2},"end":{"line":33,"column":null}},{"start":{},"end":{}}],"line":33},"1":{"loc":{"start":{"line":36,"column":2},"end":{"line":36,"column":null}},"type":"if","locations":[{"start":{"line":36,"column":2},"end":{"line":36,"column":null}},{"start":{},"end":{}}],"line":36},"2":{"loc":{"start":{"line":38,"column":2},"end":{"line":58,"column":null}},"type":"switch","locations":[{"start":{"line":39,"column":4},"end":{"line":40,"column":null}},{"start":{"line":41,"column":4},"end":{"line":42,"column":null}},{"start":{"line":43,"column":4},"end":{"line":44,"column":null}},{"start":{"line":45,"column":4},"end":{"line":46,"column":null}},{"start":{"line":47,"column":4},"end":{"line":48,"column":null}},{"start":{"line":49,"column":4},"end":{"line":50,"column":null}},{"start":{"line":51,"column":4},"end":{"line":52,"column":null}},{"start":{"line":53,"column":4},"end":{"line":55,"column":null}},{"start":{"line":56,"column":4},"end":{"line":57,"column":null}}],"line":38},"3":{"loc":{"start":{"line":65,"column":2},"end":{"line":65,"column":null}},"type":"if","locations":[{"start":{"line":65,"column":2},"end":{"line":65,"column":null}},{"start":{},"end":{}}],"line":65},"4":{"loc":{"start":{"line":67,"column":2},"end":{"line":84,"column":null}},"type":"switch","locations":[{"start":{"line":68,"column":4},"end":{"line":70,"column":null}},{"start":{"line":71,"column":4},"end":{"line":72,"column":null}},{"start":{"line":73,"column":4},"end":{"line":74,"column":null}},{"start":{"line":75,"column":4},"end":{"line":76,"column":null}},{"start":{"line":77,"column":4},"end":{"line":79,"column":null}},{"start":{"line":80,"column":4},"end":{"line":81,"column":null}},{"start":{"line":82,"column":4},"end":{"line":83,"column":null}}],"line":67},"5":{"loc":{"start":{"line":91,"column":54},"end":{"line":91,"column":95}},"type":"default-arg","locations":[{"start":{"line":91,"column":74},"end":{"line":91,"column":95}}],"line":91},"6":{"loc":{"start":{"line":92,"column":2},"end":{"line":92,"column":null}},"type":"if","locations":[{"start":{"line":92,"column":2},"end":{"line":92,"column":null}},{"start":{},"end":{}}],"line":92},"7":{"loc":{"start":{"line":93,"column":2},"end":{"line":93,"column":null}},"type":"if","locations":[{"start":{"line":93,"column":2},"end":{"line":93,"column":null}},{"start":{},"end":{}}],"line":93},"8":{"loc":{"start":{"line":95,"column":2},"end":{"line":98,"column":null}},"type":"if","locations":[{"start":{"line":95,"column":2},"end":{"line":98,"column":null}},{"start":{},"end":{}}],"line":95},"9":{"loc":{"start":{"line":111,"column":59},"end":{"line":111,"column":100}},"type":"default-arg","locations":[{"start":{"line":111,"column":79},"end":{"line":111,"column":100}}],"line":111},"10":{"loc":{"start":{"line":115,"column":2},"end":{"line":115,"column":null}},"type":"if","locations":[{"start":{"line":115,"column":2},"end":{"line":115,"column":null}},{"start":{},"end":{}}],"line":115},"11":{"loc":{"start":{"line":116,"column":2},"end":{"line":116,"column":null}},"type":"if","locations":[{"start":{"line":116,"column":2},"end":{"line":116,"column":null}},{"start":{},"end":{}}],"line":116},"12":{"loc":{"start":{"line":117,"column":2},"end":{"line":117,"column":null}},"type":"if","locations":[{"start":{"line":117,"column":2},"end":{"line":117,"column":null}},{"start":{},"end":{}}],"line":117},"13":{"loc":{"start":{"line":118,"column":2},"end":{"line":118,"column":null}},"type":"if","locations":[{"start":{"line":118,"column":2},"end":{"line":118,"column":null}},{"start":{},"end":{}}],"line":118},"14":{"loc":{"start":{"line":119,"column":2},"end":{"line":119,"column":null}},"type":"if","locations":[{"start":{"line":119,"column":2},"end":{"line":119,"column":null}},{"start":{},"end":{}}],"line":119},"15":{"loc":{"start":{"line":119,"column":6},"end":{"line":119,"column":60}},"type":"binary-expr","locations":[{"start":{"line":119,"column":6},"end":{"line":119,"column":28}},{"start":{"line":119,"column":28},"end":{"line":119,"column":60}}],"line":119},"16":{"loc":{"start":{"line":124,"column":54},"end":{"line":124,"column":95}},"type":"default-arg","locations":[{"start":{"line":124,"column":74},"end":{"line":124,"column":95}}],"line":124},"17":{"loc":{"start":{"line":125,"column":2},"end":{"line":125,"column":null}},"type":"if","locations":[{"start":{"line":125,"column":2},"end":{"line":125,"column":null}},{"start":{},"end":{}}],"line":125},"18":{"loc":{"start":{"line":126,"column":2},"end":{"line":129,"column":null}},"type":"if","locations":[{"start":{"line":126,"column":2},"end":{"line":129,"column":null}},{"start":{},"end":{}}],"line":126},"19":{"loc":{"start":{"line":137,"column":60},"end":{"line":137,"column":101}},"type":"default-arg","locations":[{"start":{"line":137,"column":80},"end":{"line":137,"column":101}}],"line":137},"20":{"loc":{"start":{"line":139,"column":2},"end":{"line":139,"column":null}},"type":"if","locations":[{"start":{"line":139,"column":2},"end":{"line":139,"column":null}},{"start":{},"end":{}}],"line":139},"21":{"loc":{"start":{"line":140,"column":2},"end":{"line":140,"column":null}},"type":"if","locations":[{"start":{"line":140,"column":2},"end":{"line":140,"column":null}},{"start":{},"end":{}}],"line":140},"22":{"loc":{"start":{"line":140,"column":6},"end":{"line":140,"column":148}},"type":"binary-expr","locations":[{"start":{"line":140,"column":6},"end":{"line":140,"column":55}},{"start":{"line":140,"column":55},"end":{"line":140,"column":97}},{"start":{"line":140,"column":97},"end":{"line":140,"column":148}}],"line":140},"23":{"loc":{"start":{"line":141,"column":2},"end":{"line":141,"column":null}},"type":"if","locations":[{"start":{"line":141,"column":2},"end":{"line":141,"column":null}},{"start":{},"end":{}}],"line":141},"24":{"loc":{"start":{"line":142,"column":2},"end":{"line":142,"column":null}},"type":"if","locations":[{"start":{"line":142,"column":2},"end":{"line":142,"column":null}},{"start":{},"end":{}}],"line":142},"25":{"loc":{"start":{"line":148,"column":9},"end":{"line":148,"column":null}},"type":"binary-expr","locations":[{"start":{"line":148,"column":9},"end":{"line":148,"column":44}},{"start":{"line":148,"column":44},"end":{"line":148,"column":null}}],"line":148},"26":{"loc":{"start":{"line":153,"column":2},"end":{"line":153,"column":null}},"type":"if","locations":[{"start":{"line":153,"column":2},"end":{"line":153,"column":null}},{"start":{},"end":{}}],"line":153},"27":{"loc":{"start":{"line":154,"column":2},"end":{"line":154,"column":null}},"type":"if","locations":[{"start":{"line":154,"column":2},"end":{"line":154,"column":null}},{"start":{},"end":{}}],"line":154},"28":{"loc":{"start":{"line":154,"column":6},"end":{"line":154,"column":45}},"type":"binary-expr","locations":[{"start":{"line":154,"column":6},"end":{"line":154,"column":21}},{"start":{"line":154,"column":21},"end":{"line":154,"column":45}}],"line":154},"29":{"loc":{"start":{"line":158,"column":50},"end":{"line":158,"column":91}},"type":"default-arg","locations":[{"start":{"line":158,"column":70},"end":{"line":158,"column":91}}],"line":158},"30":{"loc":{"start":{"line":162,"column":68},"end":{"line":162,"column":109}},"type":"default-arg","locations":[{"start":{"line":162,"column":88},"end":{"line":162,"column":109}}],"line":162},"31":{"loc":{"start":{"line":163,"column":2},"end":{"line":163,"column":null}},"type":"if","locations":[{"start":{"line":163,"column":2},"end":{"line":163,"column":null}},{"start":{},"end":{}}],"line":163},"32":{"loc":{"start":{"line":169,"column":2},"end":{"line":171,"column":null}},"type":"if","locations":[{"start":{"line":169,"column":2},"end":{"line":171,"column":null}},{"start":{},"end":{}}],"line":169}},"s":{"0":4,"1":0,"2":0,"3":0,"4":0,"5":0,"6":0,"7":0,"8":0,"9":0,"10":0,"11":0,"12":0,"13":0,"14":0,"15":0,"16":0,"17":0,"18":0,"19":0,"20":0,"21":0,"22":0,"23":0,"24":0,"25":0,"26":0,"27":0,"28":0,"29":0,"30":0,"31":0,"32":0,"33":0,"34":0,"35":0,"36":0,"37":0,"38":0,"39":0,"40":0,"41":0,"42":0,"43":0,"44":0,"45":0,"46":0,"47":0,"48":0,"49":0,"50":0,"51":0,"52":0,"53":0,"54":0,"55":0,"56":0,"57":0,"58":0,"59":0,"60":0,"61":0,"62":0,"63":0,"64":0,"65":0,"66":0,"67":0,"68":0,"69":0,"70":0,"71":0,"72":0,"73":0,"74":0,"75":0,"76":0,"77":0,"78":0,"79":0,"80":0,"81":1,"82":1,"83":3,"84":3,"85":0,"86":0,"87":0,"88":0,"89":0,"90":0},"f":{"0":0,"1":0,"2":0,"3":0,"4":0,"5":0,"6":0,"7":0,"8":0,"9":0,"10":0,"11":0,"12":0,"13":1,"14":3,"15":0,"16":0,"17":0},"b":{"0":[0,0],"1":[0,0],"2":[0,0,0,0,0,0,0,0,0],"3":[0,0],"4":[0,0,0,0,0,0,0],"5":[0],"6":[0,0],"7":[0,0],"8":[0,0],"9":[0],"10":[0,0],"11":[0,0],"12":[0,0],"13":[0,0],"14":[0,0],"15":[0,0],"16":[0],"17":[0,0],"18":[0,0],"19":[0],"20":[0,0],"21":[0,0],"22":[0,0,0],"23":[0,0],"24":[0,0],"25":[0,0],"26":[0,0],"27":[0,0],"28":[0,0],"29":[0],"30":[0],"31":[0,0],"32":[0,0]},"meta":{"lastBranch":33,"lastFunction":18,"lastStatement":91,"seen":{"s:16:37:23:Infinity":0,"f:29:16:29:Infinity":0,"b:33:2:33:Infinity:undefined:undefined:undefined:undefined":0,"s:33:2:33:Infinity":1,"s:33:24:33:Infinity":2,"b:36:2:36:Infinity:undefined:undefined:undefined:undefined":1,"s:36:2:36:Infinity":3,"s:36:26:36:Infinity":4,"b:39:4:40:Infinity:41:4:42:Infinity:43:4:44:Infinity:45:4:46:Infinity:47:4:48:Infinity:49:4:50:Infinity:51:4:52:Infinity:53:4:55:Infinity:56:4:57:Infinity":2,"s:38:2:58:Infinity":5,"s:40:6:40:Infinity":6,"s:42:6:42:Infinity":7,"s:44:6:44:Infinity":8,"s:46:6:46:Infinity":9,"s:48:6:48:Infinity":10,"s:50:6:50:Infinity":11,"s:52:6:52:Infinity":12,"s:55:6:55:Infinity":13,"s:57:6:57:Infinity":14,"f:61:16:61:Infinity":1,"b:65:2:65:Infinity:undefined:undefined:undefined:undefined":3,"s:65:2:65:Infinity":15,"s:65:24:65:Infinity":16,"b:68:4:70:Infinity:71:4:72:Infinity:73:4:74:Infinity:75:4:76:Infinity:77:4:79:Infinity:80:4:81:Infinity:82:4:83:Infinity":4,"s:67:2:84:Infinity":17,"s:70:6:70:Infinity":18,"s:72:6:72:Infinity":19,"s:74:6:74:Infinity":20,"s:76:6:76:Infinity":21,"s:79:6:79:Infinity":22,"s:81:6:81:Infinity":23,"s:83:6:83:Infinity":24,"f:91:16:91:31":2,"b:91:74:91:95":5,"b:92:2:92:Infinity:undefined:undefined:undefined:undefined":6,"s:92:2:92:Infinity":25,"s:92:30:92:Infinity":26,"b:93:2:93:Infinity:undefined:undefined:undefined:undefined":7,"s:93:2:93:Infinity":27,"s:93:31:93:Infinity":28,"b:95:2:98:Infinity:undefined:undefined:undefined:undefined":8,"s:95:2:98:Infinity":29,"s:96:23:96:Infinity":30,"s:97:4:97:Infinity":31,"s:101:23:101:Infinity":32,"s:102:21:102:Infinity":33,"s:103:2:103:Infinity":34,"f:106:16:106:42":3,"s:107:53:107:Infinity":35,"s:108:2:108:Infinity":36,"f:111:16:111:36":4,"b:111:79:111:100":9,"s:113:53:113:Infinity":37,"b:115:2:115:Infinity:undefined:undefined:undefined:undefined":10,"s:115:2:115:Infinity":38,"s:115:49:115:Infinity":39,"b:116:2:116:Infinity:undefined:undefined:undefined:undefined":11,"s:116:2:116:Infinity":40,"s:116:31:116:Infinity":41,"b:117:2:117:Infinity:undefined:undefined:undefined:undefined":12,"s:117:2:117:Infinity":42,"s:117:38:117:Infinity":43,"b:118:2:118:Infinity:undefined:undefined:undefined:undefined":13,"s:118:2:118:Infinity":44,"s:118:45:118:Infinity":45,"b:119:2:119:Infinity:undefined:undefined:undefined:undefined":14,"s:119:2:119:Infinity":46,"b:119:6:119:28:119:28:119:60":15,"s:119:60:119:Infinity":47,"s:121:2:121:Infinity":48,"f:124:16:124:31":5,"b:124:74:124:95":16,"b:125:2:125:Infinity:undefined:undefined:undefined:undefined":17,"s:125:2:125:Infinity":49,"s:125:37:125:Infinity":50,"b:126:2:129:Infinity:undefined:undefined:undefined:undefined":18,"s:126:2:129:Infinity":51,"s:127:23:127:Infinity":52,"s:128:4:128:Infinity":53,"s:130:2:130:Infinity":54,"f:133:16:133:34":6,"s:134:2:134:Infinity":55,"f:137:16:137:37":7,"b:137:80:137:101":19,"b:139:2:139:Infinity:undefined:undefined:undefined:undefined":20,"s:139:2:139:Infinity":56,"s:139:38:139:Infinity":57,"b:140:2:140:Infinity:undefined:undefined:undefined:undefined":21,"s:140:2:140:Infinity":58,"b:140:6:140:55:140:55:140:97:140:97:140:148":22,"s:140:148:140:Infinity":59,"b:141:2:141:Infinity:undefined:undefined:undefined:undefined":23,"s:141:2:141:Infinity":60,"s:141:45:141:Infinity":61,"b:142:2:142:Infinity:undefined:undefined:undefined:undefined":24,"s:142:2:142:Infinity":62,"s:142:33:142:Infinity":63,"s:144:2:144:Infinity":64,"f:147:16:147:32":8,"s:148:2:148:Infinity":65,"b:148:9:148:44:148:44:148:Infinity":25,"f:151:16:151:30":9,"s:152:53:152:Infinity":66,"b:153:2:153:Infinity:undefined:undefined:undefined:undefined":26,"s:153:2:153:Infinity":67,"s:153:48:153:Infinity":68,"b:154:2:154:Infinity:undefined:undefined:undefined:undefined":27,"s:154:2:154:Infinity":69,"b:154:6:154:21:154:21:154:45":28,"s:154:45:154:Infinity":70,"s:155:2:155:Infinity":71,"f:158:16:158:31":10,"b:158:70:158:91":29,"s:159:2:159:Infinity":72,"f:162:16:162:37":11,"b:162:88:162:109":30,"b:163:2:163:Infinity:undefined:undefined:undefined:undefined":31,"s:163:2:163:Infinity":73,"s:163:40:163:Infinity":74,"s:164:2:164:Infinity":75,"f:167:16:167:40":12,"s:168:15:168:Infinity":76,"b:169:2:171:Infinity:undefined:undefined:undefined:undefined":32,"s:169:2:171:Infinity":77,"s:170:4:170:Infinity":78,"s:172:2:172:Infinity":79,"s:173:2:173:Infinity":80,"f:180:16:180:32":13,"s:187:6:187:Infinity":81,"s:188:2:188:Infinity":82,"f:191:16:191:32":14,"s:197:6:197:Infinity":83,"s:198:2:198:Infinity":84,"f:201:16:201:30":15,"s:206:6:206:Infinity":85,"s:207:2:207:Infinity":86,"f:210:16:210:36":16,"s:215:6:215:Infinity":87,"s:216:2:216:Infinity":88,"f:219:16:219:31":17,"s:224:6:224:Infinity":89,"s:225:2:225:Infinity":90},"fnNames":{}}}
}
